[2015.12.19-13.41.47:586][  0]Log file open, 12/19/15 14:41:47
[2015.12.19-13.41.47:586][  0]LogInit:Display: Running engine for game: ProjectMultiUsers
[2015.12.19-13.41.47:586][  0]LogPlatformFile: Not using cached read wrapper
[2015.12.19-13.41.47:586][  0]LogInit:Display: RandInit(-277034623) SRandInit(-277034620).
[2015.12.19-13.41.47:586][  0]LogTaskGraph: Started task graph with 4 named threads and 5 total threads.
[2015.12.19-13.41.47:586][  0]LogStats: Stats thread started at 0.777900
[2015.12.19-13.41.47:586][  0]LogInit: Version: 4.10.1-2791327+++depot+UE4-Releases+4.10
[2015.12.19-13.41.47:586][  0]LogInit: API Version: 2758231
[2015.12.19-13.41.47:586][  0]LogInit: Compiled (64-bit): Dec  4 2015 19:44:40
[2015.12.19-13.41.47:586][  0]LogInit: Compiled with Visual C++: 19.00.23026.00
[2015.12.19-13.41.47:586][  0]LogInit: Build Configuration: Development
[2015.12.19-13.41.47:586][  0]LogInit: Branch Name: ++depot+UE4-Releases+4.10
[2015.12.19-13.41.47:586][  0]LogInit: Command line: 
[2015.12.19-13.41.47:586][  0]LogInit: Base directory: C:/Program Files (x86)/Epic Games/4.10/Engine/Binaries/Win64/
[2015.12.19-13.41.47:586][  0]LogInit: Rocket: 1
[2015.12.19-13.41.47:599][  0]LogInit: Using libcurl 7.41.0
[2015.12.19-13.41.47:599][  0]LogInit:  - built for x86_64-pc-win32
[2015.12.19-13.41.47:599][  0]LogInit:  - supports SSL with WinSSL
[2015.12.19-13.41.47:599][  0]LogInit:  - other features:
[2015.12.19-13.41.47:599][  0]LogInit:      CURL_VERSION_SSL
[2015.12.19-13.41.47:599][  0]LogInit:      CURL_VERSION_IPV6
[2015.12.19-13.41.47:599][  0]LogInit:      CURL_VERSION_ASYNCHDNS
[2015.12.19-13.41.47:599][  0]LogInit:      CURL_VERSION_LARGEFILE
[2015.12.19-13.41.47:599][  0]LogInit:      CURL_VERSION_IDN
[2015.12.19-13.41.47:599][  0]LogInit:  CurlRequestOptions (configurable via config and command line):
[2015.12.19-13.41.47:599][  0]LogInit:  - bVerifyPeer = true  - Libcurl will verify peer certificate
[2015.12.19-13.41.47:599][  0]LogInit:  - bUseHttpProxy = false  - Libcurl will NOT use HTTP proxy
[2015.12.19-13.41.47:599][  0]LogInit:  - bDontReuseConnections = false  - Libcurl will reuse connections
[2015.12.19-13.41.47:599][  0]LogInit:  - CertBundlePath = nullptr  - Libcurl will use whatever was configured at build time.
[2015.12.19-13.41.47:613][  0]LogInit: Presizing for 0 objects not considered by GC, pre-allocating 0 bytes.
[2015.12.19-13.41.47:621][  0]LogInit: Object subsystem initialized
[2015.12.19-13.41.47:625][  0]LogInit: Selected Device Profile: [Windows]
[2015.12.19-13.41.47:625][  0]LogInit: Applying CVar settings loaded from the selected device profile: [Windows]
[2015.12.19-13.41.47:642][  0]LogInit: Computer: DESKTOP-I1OE717
[2015.12.19-13.41.47:642][  0]LogInit: User: Thewo
[2015.12.19-13.41.47:642][  0]LogInit: CPU Page size=4096, Cores=2
[2015.12.19-13.41.47:642][  0]LogInit: High frequency timer resolution =3.606544 MHz
[2015.12.19-13.41.47:642][  0]LogMemory: Memory total: Physical=8.0GB (8GB approx)
[2015.12.19-13.41.47:642][  0]LogMemory: Platform Memory Stats for Windows
[2015.12.19-13.41.47:642][  0]LogMemory: Process Physical Memory: 55.85 MB used, 55.85 MB peak
[2015.12.19-13.41.47:642][  0]LogMemory: Process Virtual Memory: 55.86 MB used, 55.86 MB peak
[2015.12.19-13.41.47:642][  0]LogMemory: Physical Memory: 4489.93 MB used, 8142.66 MB total
[2015.12.19-13.41.47:642][  0]LogMemory: Virtual Memory: 383.16 MB used, 134217728.00 MB total
[2015.12.19-13.41.47:703][  0]LogTextLocalizationManager: No translations for ('fr-FR') exist, falling back to 'en' for localization and internationalization data.
[2015.12.19-13.41.48:364][  0]LogD3D11RHI: Found D3D11 adapter 0: NVIDIA GeForce GT 730   (Feature Level 11_0)
[2015.12.19-13.41.48:364][  0]LogD3D11RHI: Adapter has 973MB of dedicated video memory, 0MB of dedicated system memory, and 4071MB of shared system memory, 1 output[s]
[2015.12.19-13.41.48:367][  0]LogD3D11RHI: Found D3D11 adapter 1: Microsoft Basic Render Driver (Feature Level 11_0)
[2015.12.19-13.41.48:368][  0]LogD3D11RHI: Adapter has 0MB of dedicated video memory, 0MB of dedicated system memory, and 4071MB of shared system memory, 0 output[s]
[2015.12.19-13.41.48:368][  0]LogD3D11RHI: Chosen D3D11 Adapter Id = 0
[2015.12.19-13.41.48:377][  0]LogD3D11RHI: !Direct3DDevice
[2015.12.19-13.41.48:377][  0]LogRHI: Texture pool is 681 MB (70% of 973 MB)
[2015.12.19-13.41.48:402][  0]LogD3D11RHI: Async texture creation enabled
[2015.12.19-13.41.48:420][  0]LogShaderCompilers: Guid format shader working directory is -34 characters bigger than the processId version (../../../../../../Users/Thewo/Documents/GitHub/UE_MULTI_USERS/ProjectMultiUsers/Intermediate/Shaders/WorkingDirectory/10144/).
[2015.12.19-13.41.48:420][  0]LogShaderCompilers: Cleaned the shader compiler working directory 'C:/Users/Thewo/AppData/Local/Temp/UnrealShaderWorkingDir/0FAE8C62400A764849B4D6BB1E2AC855/'.
[2015.12.19-13.41.48:420][  0]LogShaderCompilers:Display: Using Local Shader Compiler.
[2015.12.19-13.41.52:196][  0]LogTemp:Display: Loaded TP AllDesktopTargetPlatform
[2015.12.19-13.41.52:249][  0]LogTemp:Display: Loaded TP WindowsClientTargetPlatform
[2015.12.19-13.41.52:314][  0]LogTemp:Display: Loaded TP WindowsNoEditorTargetPlatform
[2015.12.19-13.41.52:348][  0]LogTemp:Display: Loaded TP WindowsServerTargetPlatform
[2015.12.19-13.41.52:369][  0]LogTemp:Display: Loaded TP WindowsTargetPlatform
[2015.12.19-13.41.52:395][  0]LogTemp:Display: Loaded TP AndroidTargetPlatform
[2015.12.19-13.41.52:447][  0]LogTemp:Display: Loaded TP Android_ASTCTargetPlatform
[2015.12.19-13.41.52:494][  0]LogTemp:Display: Loaded TP Android_ATCTargetPlatform
[2015.12.19-13.41.52:537][  0]LogTemp:Display: Loaded TP Android_DXTTargetPlatform
[2015.12.19-13.41.52:560][  0]LogTemp:Display: Loaded TP Android_ETC1TargetPlatform
[2015.12.19-13.41.52:586][  0]LogTemp:Display: Loaded TP Android_ETC2TargetPlatform
[2015.12.19-13.41.52:611][  0]LogTemp:Display: Loaded TP Android_MultiTargetPlatform
[2015.12.19-13.41.52:611][  0]LogTemp:Display: Loaded TP Android_PVRTCTargetPlatform
[2015.12.19-13.41.52:690][  0]LogTemp:Display: Loaded TP HTML5TargetPlatform
[2015.12.19-13.41.52:853][  0]LogTemp:Display: Loaded TP IOSTargetPlatform
[2015.12.19-13.41.52:893][  0]LogTemp:Display: Loaded TP LinuxNoEditorTargetPlatform
[2015.12.19-13.41.52:938][  0]LogTemp:Display: Loaded TP LinuxServerTargetPlatform
[2015.12.19-13.41.53:028][  0]LogTemp:Display: Loaded TP LinuxTargetPlatform
[2015.12.19-13.41.53:028][  0]LogTargetPlatformManager:Display: Building Assets For Windows
[2015.12.19-13.41.53:969][  0]LogDerivedDataCache:Display: Max Cache Size: 512 MB
[2015.12.19-13.41.57:986][  0]LogDerivedDataCache: Loaded boot cache 4.00s 41MB C:/Users/Thewo/AppData/Local/UnrealEngine/4.10/DerivedDataCache/Boot.ddc.
[2015.12.19-13.41.57:986][  0]LogDerivedDataCache:Display: Loaded Boot cache: C:/Users/Thewo/AppData/Local/UnrealEngine/4.10/DerivedDataCache/Boot.ddc
[2015.12.19-13.41.57:986][  0]LogDerivedDataCache: FDerivedDataBackendGraph:  Pak pak cache file ../../../../../../Users/Thewo/Documents/GitHub/UE_MULTI_USERS/ProjectMultiUsers/DerivedDataCache/DDC.ddp not found, will not use a pak cache.
[2015.12.19-13.41.57:986][  0]LogDerivedDataCache: Unable to find inner node Pak for hierarchical cache Hierarchy.
[2015.12.19-13.41.57:986][  0]LogDerivedDataCache: FDerivedDataBackendGraph:  CompressedPak pak cache file ../../../../../../Users/Thewo/Documents/GitHub/UE_MULTI_USERS/ProjectMultiUsers/DerivedDataCache/Compressed.ddp not found, will not use a pak cache.
[2015.12.19-13.41.57:986][  0]LogDerivedDataCache: Unable to find inner node CompressedPak for hierarchical cache Hierarchy.
[2015.12.19-13.41.58:135][  0]LogDerivedDataCache:Display: Pak cache opened for reading ../../../Engine/DerivedDataCache/Compressed.ddp.
[2015.12.19-13.41.58:147][  0]LogDerivedDataCache: Using Local data cache path C:/Users/Thewo/AppData/Local/UnrealEngine/Common/DerivedDataCache: Writable
[2015.12.19-13.42.07:883][  0]LogInit: Selected Device Profile: [Windows]
[2015.12.19-13.42.07:929][  0]LogContentStreaming: Texture pool size is 0.000000MB
[2015.12.19-13.42.08:905][  0]LogMeshUtilities: No automatic mesh reduction module available
[2015.12.19-13.42.08:905][  0]LogMeshUtilities: No automatic mesh merging module available
[2015.12.19-13.42.11:400][  0]LogInit: WinSock: version 1.1 (2.2), MaxSocks=32767, MaxUdp=65467
[2015.12.19-13.42.25:138][  0]UdpMessaging: Initializing bridge on interface 0.0.0.0:0 to multicast group 230.0.0.1:6666.
[2015.12.19-13.42.25:562][  0]LogAssetRegistry: FAssetRegistry took 0.0109 seconds to start up
[2015.12.19-13.42.26:926][  0]SourceControl: Info Source control is disabled
[2015.12.19-13.42.26:928][  0]SourceControl: Info Source control is disabled
[2015.12.19-13.42.27:016][  0]SourceControl: Info Source control is disabled
[2015.12.19-13.42.27:108][  0]SourceControl: Info Source control is disabled
[2015.12.19-13.42.28:623][  0]LogObj: 28633 objects as part of root set at end of initial load.
[2015.12.19-13.42.28:623][  0]LogUObjectAllocator: 6099744 out of 0 bytes used by permanent object pool.
[2015.12.19-13.42.29:319][  0]LogEngine: Initializing Engine...
[2015.12.19-13.42.29:343][  0]LogHMD: Can't find Oculus library dev build: is proper Runtime installed? Version: 0.8.0.0
[2015.12.19-13.42.29:402][  0]LogHMD: SteamVR failed to initialize.  Err: 110
[2015.12.19-13.42.30:027][  0]LogAIModule: Creating AISystem for world NewWorld
[2015.12.19-13.42.30:237][  0]LogInit: XAudio2 using 'Haut-parleurs (Realtek High Definition Audio)' : 2 channels at 48 kHz using 32 bits per sample (channel mask 0x3)
[2015.12.19-13.42.30:297][  0]LogInit: FAudioDevice initialized.
[2015.12.19-13.42.30:397][  0]LogDerivedDataCache: Saved boot cache 0.10s 41MB C:/Users/Thewo/AppData/Local/UnrealEngine/4.10/DerivedDataCache/Boot.ddc.
[2015.12.19-13.42.30:409][  0]LogInit: Texture streaming: Enabled
[2015.12.19-13.42.30:447][  0]LogAnalytics: Creating configured Analytics provider AnalyticsET
[2015.12.19-13.42.30:447][  0]LogAnalytics: [UEEditor.Rocket.Release] APIServer = http://et2.epicgames.com/ET2/. AppVersion = 4.10.1-2791327+++depot+UE4-Releases+4.10
[2015.12.19-13.42.30:447][  0]LogAnalytics: [UEEditor.Rocket.Release] SetUserId 786ba57b435f54e7f6215381c0f7765b|d1739203db2c4d8d8224be5c090e8463|9f48f098-992f-4025-a6ed-6ae896c18b78
[2015.12.19-13.42.30:454][  0]LogAnalytics: [UEEditor.Rocket.Release] AnalyticsET::StartSession
[2015.12.19-13.42.30:507][  0]LogWindowsTextInputMethodSystem:Display: IME system now deactivated.
[2015.12.19-13.42.31:660][  0]LogInit: Transaction tracking system initialized
[2015.12.19-13.42.32:537][  0]BlueprintLog: New page: Editor Load
[2015.12.19-13.42.38:118][  0]LocalizationService: Info Localization service is disabled
[2015.12.19-13.42.39:906][  0]LogConsoleResponse:Display: 
[2015.12.19-13.42.41:693][  0]LogFileCache: Scanning file cache for directory 'C:/Users/Thewo/Documents/GitHub/UE_MULTI_USERS/ProjectMultiUsers/Content/' took 0.01s
[2015.12.19-13.42.41:693][  0]LogCook:Display: Done creating registry. It took  0.00s.
[2015.12.19-13.42.43:651][  0]SourceControl: Info Source control is disabled
[2015.12.19-13.42.44:343][  0]LogFactory: FactoryCreateBinary: PackFactory with PackFactory (0 0 C:/Program Files (x86)/Epic Games/4.10/FeaturePacks/StarterContent.upack)
[2015.12.19-13.42.45:063][  0]LogPackFactory: Finished extracting 8 files (including 0 errors).
[2015.12.19-13.42.45:144][  0]LogPackFactory: Copied "../../../Samples/StarterContent/Content/StarterContent/Architecture/Floor_400x400.uasset" to "../../../../../../Users/Thewo/Documents/GitHub/UE_MULTI_USERS/ProjectMultiUsers/Content/StarterContent/Architecture/Floor_400x400.uasset"
[2015.12.19-13.42.45:243][  0]LogPackFactory: Copied "../../../Samples/StarterContent/Content/StarterContent/Architecture/Pillar_50x500.uasset" to "../../../../../../Users/Thewo/Documents/GitHub/UE_MULTI_USERS/ProjectMultiUsers/Content/StarterContent/Architecture/Pillar_50x500.uasset"
[2015.12.19-13.42.45:387][  0]LogPackFactory: Copied "../../../Samples/StarterContent/Content/StarterContent/Architecture/SM_AssetPlatform.uasset" to "../../../../../../Users/Thewo/Documents/GitHub/UE_MULTI_USERS/ProjectMultiUsers/Content/StarterContent/Architecture/SM_AssetPlatform.uasset"
[2015.12.19-13.42.45:433][  0]LogPackFactory: Copied "../../../Samples/StarterContent/Content/StarterContent/Architecture/Wall_400x200.uasset" to "../../../../../../Users/Thewo/Documents/GitHub/UE_MULTI_USERS/ProjectMultiUsers/Content/StarterContent/Architecture/Wall_400x200.uasset"
[2015.12.19-13.42.45:458][  0]LogPackFactory: Copied "../../../Samples/StarterContent/Content/StarterContent/Architecture/Wall_400x300.uasset" to "../../../../../../Users/Thewo/Documents/GitHub/UE_MULTI_USERS/ProjectMultiUsers/Content/StarterContent/Architecture/Wall_400x300.uasset"
[2015.12.19-13.42.45:484][  0]LogPackFactory: Copied "../../../Samples/StarterContent/Content/StarterContent/Architecture/Wall_400x400.uasset" to "../../../../../../Users/Thewo/Documents/GitHub/UE_MULTI_USERS/ProjectMultiUsers/Content/StarterContent/Architecture/Wall_400x400.uasset"
[2015.12.19-13.42.45:543][  0]LogPackFactory: Copied "../../../Samples/StarterContent/Content/StarterContent/Architecture/Wall_500x500.uasset" to "../../../../../../Users/Thewo/Documents/GitHub/UE_MULTI_USERS/ProjectMultiUsers/Content/StarterContent/Architecture/Wall_500x500.uasset"
[2015.12.19-13.42.45:601][  0]LogPackFactory: Copied "../../../Samples/StarterContent/Content/StarterContent/Architecture/Wall_Door_400x300.uasset" to "../../../../../../Users/Thewo/Documents/GitHub/UE_MULTI_USERS/ProjectMultiUsers/Content/StarterContent/Architecture/Wall_Door_400x300.uasset"
[2015.12.19-13.42.45:702][  0]LogPackFactory: Copied "../../../Samples/StarterContent/Content/StarterContent/Architecture/Wall_Door_400x400.uasset" to "../../../../../../Users/Thewo/Documents/GitHub/UE_MULTI_USERS/ProjectMultiUsers/Content/StarterContent/Architecture/Wall_Door_400x400.uasset"
[2015.12.19-13.42.45:775][  0]LogPackFactory: Copied "../../../Samples/StarterContent/Content/StarterContent/Architecture/Wall_Window_400x300.uasset" to "../../../../../../Users/Thewo/Documents/GitHub/UE_MULTI_USERS/ProjectMultiUsers/Content/StarterContent/Architecture/Wall_Window_400x300.uasset"
[2015.12.19-13.42.45:806][  0]LogPackFactory: Copied "../../../Samples/StarterContent/Content/StarterContent/Architecture/Wall_Window_400x400.uasset" to "../../../../../../Users/Thewo/Documents/GitHub/UE_MULTI_USERS/ProjectMultiUsers/Content/StarterContent/Architecture/Wall_Window_400x400.uasset"
[2015.12.19-13.42.45:888][  0]LogPackFactory: Copied "../../../Samples/StarterContent/Content/StarterContent/Audio/Collapse01.uasset" to "../../../../../../Users/Thewo/Documents/GitHub/UE_MULTI_USERS/ProjectMultiUsers/Content/StarterContent/Audio/Collapse01.uasset"
[2015.12.19-13.42.46:001][  0]LogPackFactory: Copied "../../../Samples/StarterContent/Content/StarterContent/Audio/Collapse02.uasset" to "../../../../../../Users/Thewo/Documents/GitHub/UE_MULTI_USERS/ProjectMultiUsers/Content/StarterContent/Audio/Collapse02.uasset"
[2015.12.19-13.42.46:067][  0]LogPackFactory: Copied "../../../Samples/StarterContent/Content/StarterContent/Audio/Collapse_Cue.uasset" to "../../../../../../Users/Thewo/Documents/GitHub/UE_MULTI_USERS/ProjectMultiUsers/Content/StarterContent/Audio/Collapse_Cue.uasset"
[2015.12.19-13.42.46:153][  0]LogPackFactory: Copied "../../../Samples/StarterContent/Content/StarterContent/Audio/Explosion01.uasset" to "../../../../../../Users/Thewo/Documents/GitHub/UE_MULTI_USERS/ProjectMultiUsers/Content/StarterContent/Audio/Explosion01.uasset"
[2015.12.19-13.42.46:264][  0]LogPackFactory: Copied "../../../Samples/StarterContent/Content/StarterContent/Audio/Explosion02.uasset" to "../../../../../../Users/Thewo/Documents/GitHub/UE_MULTI_USERS/ProjectMultiUsers/Content/StarterContent/Audio/Explosion02.uasset"
[2015.12.19-13.42.46:312][  0]LogPackFactory: Copied "../../../Samples/StarterContent/Content/StarterContent/Audio/Explosion_Cue.uasset" to "../../../../../../Users/Thewo/Documents/GitHub/UE_MULTI_USERS/ProjectMultiUsers/Content/StarterContent/Audio/Explosion_Cue.uasset"
[2015.12.19-13.42.46:462][  0]LogPackFactory: Copied "../../../Samples/StarterContent/Content/StarterContent/Audio/Fire01.uasset" to "../../../../../../Users/Thewo/Documents/GitHub/UE_MULTI_USERS/ProjectMultiUsers/Content/StarterContent/Audio/Fire01.uasset"
[2015.12.19-13.42.46:518][  0]LogPackFactory: Copied "../../../Samples/StarterContent/Content/StarterContent/Audio/Fire01_Cue.uasset" to "../../../../../../Users/Thewo/Documents/GitHub/UE_MULTI_USERS/ProjectMultiUsers/Content/StarterContent/Audio/Fire01_Cue.uasset"
[2015.12.19-13.42.46:761][  0]LogPackFactory: Copied "../../../Samples/StarterContent/Content/StarterContent/Audio/Fire_Sparks01.uasset" to "../../../../../../Users/Thewo/Documents/GitHub/UE_MULTI_USERS/ProjectMultiUsers/Content/StarterContent/Audio/Fire_Sparks01.uasset"
[2015.12.19-13.42.46:808][  0]LogPackFactory: Copied "../../../Samples/StarterContent/Content/StarterContent/Audio/Fire_Sparks01_Cue.uasset" to "../../../../../../Users/Thewo/Documents/GitHub/UE_MULTI_USERS/ProjectMultiUsers/Content/StarterContent/Audio/Fire_Sparks01_Cue.uasset"
[2015.12.19-13.42.46:906][  0]LogPackFactory: Copied "../../../Samples/StarterContent/Content/StarterContent/Audio/Light01.uasset" to "../../../../../../Users/Thewo/Documents/GitHub/UE_MULTI_USERS/ProjectMultiUsers/Content/StarterContent/Audio/Light01.uasset"
[2015.12.19-13.42.46:976][  0]LogPackFactory: Copied "../../../Samples/StarterContent/Content/StarterContent/Audio/Light01_Cue.uasset" to "../../../../../../Users/Thewo/Documents/GitHub/UE_MULTI_USERS/ProjectMultiUsers/Content/StarterContent/Audio/Light01_Cue.uasset"
[2015.12.19-13.42.47:284][  0]LogPackFactory: Copied "../../../Samples/StarterContent/Content/StarterContent/Audio/Light02.uasset" to "../../../../../../Users/Thewo/Documents/GitHub/UE_MULTI_USERS/ProjectMultiUsers/Content/StarterContent/Audio/Light02.uasset"
[2015.12.19-13.42.47:303][  0]LogPackFactory: Copied "../../../Samples/StarterContent/Content/StarterContent/Audio/Light02_Cue.uasset" to "../../../../../../Users/Thewo/Documents/GitHub/UE_MULTI_USERS/ProjectMultiUsers/Content/StarterContent/Audio/Light02_Cue.uasset"
[2015.12.19-13.42.47:497][  0]LogPackFactory: Copied "../../../Samples/StarterContent/Content/StarterContent/Audio/Smoke01.uasset" to "../../../../../../Users/Thewo/Documents/GitHub/UE_MULTI_USERS/ProjectMultiUsers/Content/StarterContent/Audio/Smoke01.uasset"
[2015.12.19-13.42.47:539][  0]LogPackFactory: Copied "../../../Samples/StarterContent/Content/StarterContent/Audio/Smoke01_Cue.uasset" to "../../../../../../Users/Thewo/Documents/GitHub/UE_MULTI_USERS/ProjectMultiUsers/Content/StarterContent/Audio/Smoke01_Cue.uasset"
[2015.12.19-13.42.47:632][  0]LogPackFactory: Copied "../../../Samples/StarterContent/Content/StarterContent/Audio/Starter_Background_Cue.uasset" to "../../../../../../Users/Thewo/Documents/GitHub/UE_MULTI_USERS/ProjectMultiUsers/Content/StarterContent/Audio/Starter_Background_Cue.uasset"
[2015.12.19-13.42.48:404][  0]LogPackFactory: Copied "../../../Samples/StarterContent/Content/StarterContent/Audio/Starter_Birds01.uasset" to "../../../../../../Users/Thewo/Documents/GitHub/UE_MULTI_USERS/ProjectMultiUsers/Content/StarterContent/Audio/Starter_Birds01.uasset"
[2015.12.19-13.42.50:098][  0]LogPackFactory: Copied "../../../Samples/StarterContent/Content/StarterContent/Audio/Starter_Music01.uasset" to "../../../../../../Users/Thewo/Documents/GitHub/UE_MULTI_USERS/ProjectMultiUsers/Content/StarterContent/Audio/Starter_Music01.uasset"
[2015.12.19-13.42.50:202][  0]LogPackFactory: Copied "../../../Samples/StarterContent/Content/StarterContent/Audio/Starter_Music_Cue.uasset" to "../../../../../../Users/Thewo/Documents/GitHub/UE_MULTI_USERS/ProjectMultiUsers/Content/StarterContent/Audio/Starter_Music_Cue.uasset"
[2015.12.19-13.42.50:960][  0]LogPackFactory: Copied "../../../Samples/StarterContent/Content/StarterContent/Audio/Starter_Wind05.uasset" to "../../../../../../Users/Thewo/Documents/GitHub/UE_MULTI_USERS/ProjectMultiUsers/Content/StarterContent/Audio/Starter_Wind05.uasset"
[2015.12.19-13.42.51:332][  0]LogPackFactory: Copied "../../../Samples/StarterContent/Content/StarterContent/Audio/Starter_Wind06.uasset" to "../../../../../../Users/Thewo/Documents/GitHub/UE_MULTI_USERS/ProjectMultiUsers/Content/StarterContent/Audio/Starter_Wind06.uasset"
[2015.12.19-13.42.52:218][  0]LogPackFactory: Copied "../../../Samples/StarterContent/Content/StarterContent/Audio/Steam01.uasset" to "../../../../../../Users/Thewo/Documents/GitHub/UE_MULTI_USERS/ProjectMultiUsers/Content/StarterContent/Audio/Steam01.uasset"
[2015.12.19-13.42.52:257][  0]LogPackFactory: Copied "../../../Samples/StarterContent/Content/StarterContent/Audio/Steam01_Cue.uasset" to "../../../../../../Users/Thewo/Documents/GitHub/UE_MULTI_USERS/ProjectMultiUsers/Content/StarterContent/Audio/Steam01_Cue.uasset"
[2015.12.19-13.42.52:368][  0]LogPackFactory: Copied "../../../Samples/StarterContent/Content/StarterContent/Blueprints/Blueprint_CeilingLight.uasset" to "../../../../../../Users/Thewo/Documents/GitHub/UE_MULTI_USERS/ProjectMultiUsers/Content/StarterContent/Blueprints/Blueprint_CeilingLight.uasset"
[2015.12.19-13.42.52:398][  0]LogPackFactory: Copied "../../../Samples/StarterContent/Content/StarterContent/Blueprints/Blueprint_Effect_Explosion.uasset" to "../../../../../../Users/Thewo/Documents/GitHub/UE_MULTI_USERS/ProjectMultiUsers/Content/StarterContent/Blueprints/Blueprint_Effect_Explosion.uasset"
[2015.12.19-13.42.52:438][  0]LogPackFactory: Copied "../../../Samples/StarterContent/Content/StarterContent/Blueprints/Blueprint_Effect_Fire.uasset" to "../../../../../../Users/Thewo/Documents/GitHub/UE_MULTI_USERS/ProjectMultiUsers/Content/StarterContent/Blueprints/Blueprint_Effect_Fire.uasset"
[2015.12.19-13.42.52:469][  0]LogPackFactory: Copied "../../../Samples/StarterContent/Content/StarterContent/Blueprints/Blueprint_Effect_Smoke.uasset" to "../../../../../../Users/Thewo/Documents/GitHub/UE_MULTI_USERS/ProjectMultiUsers/Content/StarterContent/Blueprints/Blueprint_Effect_Smoke.uasset"
[2015.12.19-13.42.52:490][  0]LogPackFactory: Copied "../../../Samples/StarterContent/Content/StarterContent/Blueprints/Blueprint_Effect_Sparks.uasset" to "../../../../../../Users/Thewo/Documents/GitHub/UE_MULTI_USERS/ProjectMultiUsers/Content/StarterContent/Blueprints/Blueprint_Effect_Sparks.uasset"
[2015.12.19-13.42.52:529][  0]LogPackFactory: Copied "../../../Samples/StarterContent/Content/StarterContent/Blueprints/Blueprint_Effect_Steam.uasset" to "../../../../../../Users/Thewo/Documents/GitHub/UE_MULTI_USERS/ProjectMultiUsers/Content/StarterContent/Blueprints/Blueprint_Effect_Steam.uasset"
[2015.12.19-13.42.52:567][  0]LogPackFactory: Copied "../../../Samples/StarterContent/Content/StarterContent/Blueprints/Blueprint_WallSconce.uasset" to "../../../../../../Users/Thewo/Documents/GitHub/UE_MULTI_USERS/ProjectMultiUsers/Content/StarterContent/Blueprints/Blueprint_WallSconce.uasset"
[2015.12.19-13.42.52:698][  0]LogPackFactory: Copied "../../../Samples/StarterContent/Content/StarterContent/Blueprints/BP_LightStudio.uasset" to "../../../../../../Users/Thewo/Documents/GitHub/UE_MULTI_USERS/ProjectMultiUsers/Content/StarterContent/Blueprints/BP_LightStudio.uasset"
[2015.12.19-13.42.52:747][  0]LogPackFactory: Copied "../../../Samples/StarterContent/Content/StarterContent/Blueprints/Assets/FogBrightnessLUT.uasset" to "../../../../../../Users/Thewo/Documents/GitHub/UE_MULTI_USERS/ProjectMultiUsers/Content/StarterContent/Blueprints/Assets/FogBrightnessLUT.uasset"
[2015.12.19-13.42.52:783][  0]LogPackFactory: Copied "../../../Samples/StarterContent/Content/StarterContent/Blueprints/Assets/M_LightStage_Arrows.uasset" to "../../../../../../Users/Thewo/Documents/GitHub/UE_MULTI_USERS/ProjectMultiUsers/Content/StarterContent/Blueprints/Assets/M_LightStage_Arrows.uasset"
[2015.12.19-13.42.52:882][  0]LogPackFactory: Copied "../../../Samples/StarterContent/Content/StarterContent/Blueprints/Assets/M_LightStage_Skybox_Black.uasset" to "../../../../../../Users/Thewo/Documents/GitHub/UE_MULTI_USERS/ProjectMultiUsers/Content/StarterContent/Blueprints/Assets/M_LightStage_Skybox_Black.uasset"
[2015.12.19-13.42.52:959][  0]LogPackFactory: Copied "../../../Samples/StarterContent/Content/StarterContent/Blueprints/Assets/M_LightStage_Skybox_HDRI.uasset" to "../../../../../../Users/Thewo/Documents/GitHub/UE_MULTI_USERS/ProjectMultiUsers/Content/StarterContent/Blueprints/Assets/M_LightStage_Skybox_HDRI.uasset"
[2015.12.19-13.42.52:992][  0]LogPackFactory: Copied "../../../Samples/StarterContent/Content/StarterContent/Blueprints/Assets/M_LightStage_Skybox_Master.uasset" to "../../../../../../Users/Thewo/Documents/GitHub/UE_MULTI_USERS/ProjectMultiUsers/Content/StarterContent/Blueprints/Assets/M_LightStage_Skybox_Master.uasset"
[2015.12.19-13.42.53:220][  0]LogPackFactory: Copied "../../../Samples/StarterContent/Content/StarterContent/Blueprints/Assets/Skybox.uasset" to "../../../../../../Users/Thewo/Documents/GitHub/UE_MULTI_USERS/ProjectMultiUsers/Content/StarterContent/Blueprints/Assets/Skybox.uasset"
[2015.12.19-13.42.53:280][  0]LogPackFactory: Copied "../../../Samples/StarterContent/Content/StarterContent/Blueprints/Assets/SM_Arrows.uasset" to "../../../../../../Users/Thewo/Documents/GitHub/UE_MULTI_USERS/ProjectMultiUsers/Content/StarterContent/Blueprints/Assets/SM_Arrows.uasset"
[2015.12.19-13.42.53:301][  0]LogPackFactory: Copied "../../../Samples/StarterContent/Content/StarterContent/Blueprints/Assets/SunlightColorLUT.uasset" to "../../../../../../Users/Thewo/Documents/GitHub/UE_MULTI_USERS/ProjectMultiUsers/Content/StarterContent/Blueprints/Assets/SunlightColorLUT.uasset"
[2015.12.19-13.43.03:036][  0]LogPackFactory: Copied "../../../Samples/StarterContent/Content/StarterContent/HDRI/HDRI_Epic_Courtyard_Daylight.uasset" to "../../../../../../Users/Thewo/Documents/GitHub/UE_MULTI_USERS/ProjectMultiUsers/Content/StarterContent/HDRI/HDRI_Epic_Courtyard_Daylight.uasset"
[2015.12.19-13.43.03:064][  0]LogPackFactory: Copied "../../../Samples/StarterContent/Content/StarterContent/Maps/Advanced_Lighting.umap" to "../../../../../../Users/Thewo/Documents/GitHub/UE_MULTI_USERS/ProjectMultiUsers/Content/StarterContent/Maps/Advanced_Lighting.umap"
[2015.12.19-13.43.03:204][  0]LogPackFactory: Copied "../../../Samples/StarterContent/Content/StarterContent/Maps/Minimal_Default.umap" to "../../../../../../Users/Thewo/Documents/GitHub/UE_MULTI_USERS/ProjectMultiUsers/Content/StarterContent/Maps/Minimal_Default.umap"
[2015.12.19-13.43.04:652][  0]LogPackFactory: Copied "../../../Samples/StarterContent/Content/StarterContent/Maps/StarterMap.umap" to "../../../../../../Users/Thewo/Documents/GitHub/UE_MULTI_USERS/ProjectMultiUsers/Content/StarterContent/Maps/StarterMap.umap"
[2015.12.19-13.43.04:668][  0]LogPackFactory: Copied "../../../Samples/StarterContent/Content/StarterContent/Materials/M_AssetPlatform.uasset" to "../../../../../../Users/Thewo/Documents/GitHub/UE_MULTI_USERS/ProjectMultiUsers/Content/StarterContent/Materials/M_AssetPlatform.uasset"
[2015.12.19-13.43.04:719][  0]LogPackFactory: Copied "../../../Samples/StarterContent/Content/StarterContent/Materials/M_Basic_Floor.uasset" to "../../../../../../Users/Thewo/Documents/GitHub/UE_MULTI_USERS/ProjectMultiUsers/Content/StarterContent/Materials/M_Basic_Floor.uasset"
[2015.12.19-13.43.04:743][  0]LogPackFactory: Copied "../../../Samples/StarterContent/Content/StarterContent/Materials/M_Basic_Wall.uasset" to "../../../../../../Users/Thewo/Documents/GitHub/UE_MULTI_USERS/ProjectMultiUsers/Content/StarterContent/Materials/M_Basic_Wall.uasset"
[2015.12.19-13.43.04:768][  0]LogPackFactory: Copied "../../../Samples/StarterContent/Content/StarterContent/Materials/M_Brick_Clay_Beveled.uasset" to "../../../../../../Users/Thewo/Documents/GitHub/UE_MULTI_USERS/ProjectMultiUsers/Content/StarterContent/Materials/M_Brick_Clay_Beveled.uasset"
[2015.12.19-13.43.04:778][  0]LogPackFactory: Copied "../../../Samples/StarterContent/Content/StarterContent/Materials/M_Brick_Clay_New.uasset" to "../../../../../../Users/Thewo/Documents/GitHub/UE_MULTI_USERS/ProjectMultiUsers/Content/StarterContent/Materials/M_Brick_Clay_New.uasset"
[2015.12.19-13.43.04:798][  0]LogPackFactory: Copied "../../../Samples/StarterContent/Content/StarterContent/Materials/M_Brick_Clay_Old.uasset" to "../../../../../../Users/Thewo/Documents/GitHub/UE_MULTI_USERS/ProjectMultiUsers/Content/StarterContent/Materials/M_Brick_Clay_Old.uasset"
[2015.12.19-13.43.04:814][  0]LogPackFactory: Copied "../../../Samples/StarterContent/Content/StarterContent/Materials/M_Brick_Cut_Stone.uasset" to "../../../../../../Users/Thewo/Documents/GitHub/UE_MULTI_USERS/ProjectMultiUsers/Content/StarterContent/Materials/M_Brick_Cut_Stone.uasset"
[2015.12.19-13.43.04:849][  0]LogPackFactory: Copied "../../../Samples/StarterContent/Content/StarterContent/Materials/M_Brick_Hewn_Stone.uasset" to "../../../../../../Users/Thewo/Documents/GitHub/UE_MULTI_USERS/ProjectMultiUsers/Content/StarterContent/Materials/M_Brick_Hewn_Stone.uasset"
[2015.12.19-13.43.04:881][  0]LogPackFactory: Copied "../../../Samples/StarterContent/Content/StarterContent/Materials/M_Ceramic_Tile_Checker.uasset" to "../../../../../../Users/Thewo/Documents/GitHub/UE_MULTI_USERS/ProjectMultiUsers/Content/StarterContent/Materials/M_Ceramic_Tile_Checker.uasset"
[2015.12.19-13.43.04:917][  0]LogPackFactory: Copied "../../../Samples/StarterContent/Content/StarterContent/Materials/M_CobbleStone_Pebble.uasset" to "../../../../../../Users/Thewo/Documents/GitHub/UE_MULTI_USERS/ProjectMultiUsers/Content/StarterContent/Materials/M_CobbleStone_Pebble.uasset"
[2015.12.19-13.43.04:947][  0]LogPackFactory: Copied "../../../Samples/StarterContent/Content/StarterContent/Materials/M_CobbleStone_Rough.uasset" to "../../../../../../Users/Thewo/Documents/GitHub/UE_MULTI_USERS/ProjectMultiUsers/Content/StarterContent/Materials/M_CobbleStone_Rough.uasset"
[2015.12.19-13.43.05:015][  0]LogPackFactory: Copied "../../../Samples/StarterContent/Content/StarterContent/Materials/M_CobbleStone_Smooth.uasset" to "../../../../../../Users/Thewo/Documents/GitHub/UE_MULTI_USERS/ProjectMultiUsers/Content/StarterContent/Materials/M_CobbleStone_Smooth.uasset"
[2015.12.19-13.43.05:048][  0]LogPackFactory: Copied "../../../Samples/StarterContent/Content/StarterContent/Materials/M_ColorGrid_LowSpec.uasset" to "../../../../../../Users/Thewo/Documents/GitHub/UE_MULTI_USERS/ProjectMultiUsers/Content/StarterContent/Materials/M_ColorGrid_LowSpec.uasset"
[2015.12.19-13.43.05:102][  0]LogPackFactory: Copied "../../../Samples/StarterContent/Content/StarterContent/Materials/M_Concrete_Grime.uasset" to "../../../../../../Users/Thewo/Documents/GitHub/UE_MULTI_USERS/ProjectMultiUsers/Content/StarterContent/Materials/M_Concrete_Grime.uasset"
[2015.12.19-13.43.05:123][  0]LogPackFactory: Copied "../../../Samples/StarterContent/Content/StarterContent/Materials/M_Concrete_Panels.uasset" to "../../../../../../Users/Thewo/Documents/GitHub/UE_MULTI_USERS/ProjectMultiUsers/Content/StarterContent/Materials/M_Concrete_Panels.uasset"
[2015.12.19-13.43.05:264][  0]LogPackFactory: Copied "../../../Samples/StarterContent/Content/StarterContent/Materials/M_Concrete_Poured.uasset" to "../../../../../../Users/Thewo/Documents/GitHub/UE_MULTI_USERS/ProjectMultiUsers/Content/StarterContent/Materials/M_Concrete_Poured.uasset"
[2015.12.19-13.43.05:396][  0]LogPackFactory: Copied "../../../Samples/StarterContent/Content/StarterContent/Materials/M_Concrete_Tiles.uasset" to "../../../../../../Users/Thewo/Documents/GitHub/UE_MULTI_USERS/ProjectMultiUsers/Content/StarterContent/Materials/M_Concrete_Tiles.uasset"
[2015.12.19-13.43.05:466][  0]LogPackFactory: Copied "../../../Samples/StarterContent/Content/StarterContent/Materials/M_Glass.uasset" to "../../../../../../Users/Thewo/Documents/GitHub/UE_MULTI_USERS/ProjectMultiUsers/Content/StarterContent/Materials/M_Glass.uasset"
[2015.12.19-13.43.05:521][  0]LogPackFactory: Copied "../../../Samples/StarterContent/Content/StarterContent/Materials/M_Ground_Grass.uasset" to "../../../../../../Users/Thewo/Documents/GitHub/UE_MULTI_USERS/ProjectMultiUsers/Content/StarterContent/Materials/M_Ground_Grass.uasset"
[2015.12.19-13.43.05:533][  0]LogPackFactory: Copied "../../../Samples/StarterContent/Content/StarterContent/Materials/M_Ground_Gravel.uasset" to "../../../../../../Users/Thewo/Documents/GitHub/UE_MULTI_USERS/ProjectMultiUsers/Content/StarterContent/Materials/M_Ground_Gravel.uasset"
[2015.12.19-13.43.05:562][  0]LogPackFactory: Copied "../../../Samples/StarterContent/Content/StarterContent/Materials/M_Ground_Moss.uasset" to "../../../../../../Users/Thewo/Documents/GitHub/UE_MULTI_USERS/ProjectMultiUsers/Content/StarterContent/Materials/M_Ground_Moss.uasset"
[2015.12.19-13.43.05:584][  0]LogPackFactory: Copied "../../../Samples/StarterContent/Content/StarterContent/Materials/M_Metal_Brushed_Nickel.uasset" to "../../../../../../Users/Thewo/Documents/GitHub/UE_MULTI_USERS/ProjectMultiUsers/Content/StarterContent/Materials/M_Metal_Brushed_Nickel.uasset"
[2015.12.19-13.43.05:624][  0]LogPackFactory: Copied "../../../Samples/StarterContent/Content/StarterContent/Materials/M_Metal_Burnished_Steel.uasset" to "../../../../../../Users/Thewo/Documents/GitHub/UE_MULTI_USERS/ProjectMultiUsers/Content/StarterContent/Materials/M_Metal_Burnished_Steel.uasset"
[2015.12.19-13.43.05:656][  0]LogPackFactory: Copied "../../../Samples/StarterContent/Content/StarterContent/Materials/M_Metal_Chrome.uasset" to "../../../../../../Users/Thewo/Documents/GitHub/UE_MULTI_USERS/ProjectMultiUsers/Content/StarterContent/Materials/M_Metal_Chrome.uasset"
[2015.12.19-13.43.05:659][  0]LogPackFactory: Copied "../../../Samples/StarterContent/Content/StarterContent/Materials/M_Metal_Copper.uasset" to "../../../../../../Users/Thewo/Documents/GitHub/UE_MULTI_USERS/ProjectMultiUsers/Content/StarterContent/Materials/M_Metal_Copper.uasset"
[2015.12.19-13.43.05:695][  0]LogPackFactory: Copied "../../../Samples/StarterContent/Content/StarterContent/Materials/M_Metal_Gold.uasset" to "../../../../../../Users/Thewo/Documents/GitHub/UE_MULTI_USERS/ProjectMultiUsers/Content/StarterContent/Materials/M_Metal_Gold.uasset"
[2015.12.19-13.43.05:717][  0]LogPackFactory: Copied "../../../Samples/StarterContent/Content/StarterContent/Materials/M_Metal_Rust.uasset" to "../../../../../../Users/Thewo/Documents/GitHub/UE_MULTI_USERS/ProjectMultiUsers/Content/StarterContent/Materials/M_Metal_Rust.uasset"
[2015.12.19-13.43.05:800][  0]LogPackFactory: Copied "../../../Samples/StarterContent/Content/StarterContent/Materials/M_Metal_Steel.uasset" to "../../../../../../Users/Thewo/Documents/GitHub/UE_MULTI_USERS/ProjectMultiUsers/Content/StarterContent/Materials/M_Metal_Steel.uasset"
[2015.12.19-13.43.05:805][  0]LogPackFactory: Copied "../../../Samples/StarterContent/Content/StarterContent/Materials/M_Rock_Basalt.uasset" to "../../../../../../Users/Thewo/Documents/GitHub/UE_MULTI_USERS/ProjectMultiUsers/Content/StarterContent/Materials/M_Rock_Basalt.uasset"
[2015.12.19-13.43.05:830][  0]LogPackFactory: Copied "../../../Samples/StarterContent/Content/StarterContent/Materials/M_Rock_Marble_Polished.uasset" to "../../../../../../Users/Thewo/Documents/GitHub/UE_MULTI_USERS/ProjectMultiUsers/Content/StarterContent/Materials/M_Rock_Marble_Polished.uasset"
[2015.12.19-13.43.05:847][  0]LogPackFactory: Copied "../../../Samples/StarterContent/Content/StarterContent/Materials/M_Rock_Sandstone.uasset" to "../../../../../../Users/Thewo/Documents/GitHub/UE_MULTI_USERS/ProjectMultiUsers/Content/StarterContent/Materials/M_Rock_Sandstone.uasset"
[2015.12.19-13.43.05:854][  0]LogPackFactory: Copied "../../../Samples/StarterContent/Content/StarterContent/Materials/M_Rock_Slate.uasset" to "../../../../../../Users/Thewo/Documents/GitHub/UE_MULTI_USERS/ProjectMultiUsers/Content/StarterContent/Materials/M_Rock_Slate.uasset"
[2015.12.19-13.43.05:859][  0]LogPackFactory: Copied "../../../Samples/StarterContent/Content/StarterContent/Materials/M_Tech_Checker_Dot.uasset" to "../../../../../../Users/Thewo/Documents/GitHub/UE_MULTI_USERS/ProjectMultiUsers/Content/StarterContent/Materials/M_Tech_Checker_Dot.uasset"
[2015.12.19-13.43.05:920][  0]LogPackFactory: Copied "../../../Samples/StarterContent/Content/StarterContent/Materials/M_Tech_Hex_Tile.uasset" to "../../../../../../Users/Thewo/Documents/GitHub/UE_MULTI_USERS/ProjectMultiUsers/Content/StarterContent/Materials/M_Tech_Hex_Tile.uasset"
[2015.12.19-13.43.05:936][  0]LogPackFactory: Copied "../../../Samples/StarterContent/Content/StarterContent/Materials/M_Tech_Hex_Tile_Pulse.uasset" to "../../../../../../Users/Thewo/Documents/GitHub/UE_MULTI_USERS/ProjectMultiUsers/Content/StarterContent/Materials/M_Tech_Hex_Tile_Pulse.uasset"
[2015.12.19-13.43.05:939][  0]LogPackFactory: Copied "../../../Samples/StarterContent/Content/StarterContent/Materials/M_Tech_Panel.uasset" to "../../../../../../Users/Thewo/Documents/GitHub/UE_MULTI_USERS/ProjectMultiUsers/Content/StarterContent/Materials/M_Tech_Panel.uasset"
[2015.12.19-13.43.05:942][  0]LogPackFactory: Copied "../../../Samples/StarterContent/Content/StarterContent/Materials/M_Water_Lake.uasset" to "../../../../../../Users/Thewo/Documents/GitHub/UE_MULTI_USERS/ProjectMultiUsers/Content/StarterContent/Materials/M_Water_Lake.uasset"
[2015.12.19-13.43.05:956][  0]LogPackFactory: Copied "../../../Samples/StarterContent/Content/StarterContent/Materials/M_Water_Ocean.uasset" to "../../../../../../Users/Thewo/Documents/GitHub/UE_MULTI_USERS/ProjectMultiUsers/Content/StarterContent/Materials/M_Water_Ocean.uasset"
[2015.12.19-13.43.05:963][  0]LogPackFactory: Copied "../../../Samples/StarterContent/Content/StarterContent/Materials/M_Wood_Floor_Walnut_Polished.uasset" to "../../../../../../Users/Thewo/Documents/GitHub/UE_MULTI_USERS/ProjectMultiUsers/Content/StarterContent/Materials/M_Wood_Floor_Walnut_Polished.uasset"
[2015.12.19-13.43.05:966][  0]LogPackFactory: Copied "../../../Samples/StarterContent/Content/StarterContent/Materials/M_Wood_Floor_Walnut_Worn.uasset" to "../../../../../../Users/Thewo/Documents/GitHub/UE_MULTI_USERS/ProjectMultiUsers/Content/StarterContent/Materials/M_Wood_Floor_Walnut_Worn.uasset"
[2015.12.19-13.43.06:004][  0]LogPackFactory: Copied "../../../Samples/StarterContent/Content/StarterContent/Materials/M_Wood_Oak.uasset" to "../../../../../../Users/Thewo/Documents/GitHub/UE_MULTI_USERS/ProjectMultiUsers/Content/StarterContent/Materials/M_Wood_Oak.uasset"
[2015.12.19-13.43.06:013][  0]LogPackFactory: Copied "../../../Samples/StarterContent/Content/StarterContent/Materials/M_Wood_Pine.uasset" to "../../../../../../Users/Thewo/Documents/GitHub/UE_MULTI_USERS/ProjectMultiUsers/Content/StarterContent/Materials/M_Wood_Pine.uasset"
[2015.12.19-13.43.06:024][  0]LogPackFactory: Copied "../../../Samples/StarterContent/Content/StarterContent/Materials/M_Wood_Walnut.uasset" to "../../../../../../Users/Thewo/Documents/GitHub/UE_MULTI_USERS/ProjectMultiUsers/Content/StarterContent/Materials/M_Wood_Walnut.uasset"
[2015.12.19-13.43.06:027][  0]LogPackFactory: Copied "../../../Samples/StarterContent/Content/StarterContent/Particles/P_Ambient_Dust.uasset" to "../../../../../../Users/Thewo/Documents/GitHub/UE_MULTI_USERS/ProjectMultiUsers/Content/StarterContent/Particles/P_Ambient_Dust.uasset"
[2015.12.19-13.43.06:077][  0]LogPackFactory: Copied "../../../Samples/StarterContent/Content/StarterContent/Particles/P_Explosion.uasset" to "../../../../../../Users/Thewo/Documents/GitHub/UE_MULTI_USERS/ProjectMultiUsers/Content/StarterContent/Particles/P_Explosion.uasset"
[2015.12.19-13.43.06:086][  0]LogPackFactory: Copied "../../../Samples/StarterContent/Content/StarterContent/Particles/P_Fire.uasset" to "../../../../../../Users/Thewo/Documents/GitHub/UE_MULTI_USERS/ProjectMultiUsers/Content/StarterContent/Particles/P_Fire.uasset"
[2015.12.19-13.43.06:089][  0]LogPackFactory: Copied "../../../Samples/StarterContent/Content/StarterContent/Particles/P_Smoke.uasset" to "../../../../../../Users/Thewo/Documents/GitHub/UE_MULTI_USERS/ProjectMultiUsers/Content/StarterContent/Particles/P_Smoke.uasset"
[2015.12.19-13.43.06:093][  0]LogPackFactory: Copied "../../../Samples/StarterContent/Content/StarterContent/Particles/P_Sparks.uasset" to "../../../../../../Users/Thewo/Documents/GitHub/UE_MULTI_USERS/ProjectMultiUsers/Content/StarterContent/Particles/P_Sparks.uasset"
[2015.12.19-13.43.06:119][  0]LogPackFactory: Copied "../../../Samples/StarterContent/Content/StarterContent/Particles/P_Steam_Lit.uasset" to "../../../../../../Users/Thewo/Documents/GitHub/UE_MULTI_USERS/ProjectMultiUsers/Content/StarterContent/Particles/P_Steam_Lit.uasset"
[2015.12.19-13.43.06:136][  0]LogPackFactory: Copied "../../../Samples/StarterContent/Content/StarterContent/Particles/Materials/M_Burst.uasset" to "../../../../../../Users/Thewo/Documents/GitHub/UE_MULTI_USERS/ProjectMultiUsers/Content/StarterContent/Particles/Materials/M_Burst.uasset"
[2015.12.19-13.43.06:149][  0]LogPackFactory: Copied "../../../Samples/StarterContent/Content/StarterContent/Particles/Materials/M_Dust_Particle.uasset" to "../../../../../../Users/Thewo/Documents/GitHub/UE_MULTI_USERS/ProjectMultiUsers/Content/StarterContent/Particles/Materials/M_Dust_Particle.uasset"
[2015.12.19-13.43.06:163][  0]LogPackFactory: Copied "../../../Samples/StarterContent/Content/StarterContent/Particles/Materials/M_explosion_subUV.uasset" to "../../../../../../Users/Thewo/Documents/GitHub/UE_MULTI_USERS/ProjectMultiUsers/Content/StarterContent/Particles/Materials/M_explosion_subUV.uasset"
[2015.12.19-13.43.06:171][  0]LogPackFactory: Copied "../../../Samples/StarterContent/Content/StarterContent/Particles/Materials/M_Fire_SubUV.uasset" to "../../../../../../Users/Thewo/Documents/GitHub/UE_MULTI_USERS/ProjectMultiUsers/Content/StarterContent/Particles/Materials/M_Fire_SubUV.uasset"
[2015.12.19-13.43.06:180][  0]LogPackFactory: Copied "../../../Samples/StarterContent/Content/StarterContent/Particles/Materials/m_flare_01.uasset" to "../../../../../../Users/Thewo/Documents/GitHub/UE_MULTI_USERS/ProjectMultiUsers/Content/StarterContent/Particles/Materials/m_flare_01.uasset"
[2015.12.19-13.43.06:190][  0]LogPackFactory: Copied "../../../Samples/StarterContent/Content/StarterContent/Particles/Materials/M_Heat_Distortion.uasset" to "../../../../../../Users/Thewo/Documents/GitHub/UE_MULTI_USERS/ProjectMultiUsers/Content/StarterContent/Particles/Materials/M_Heat_Distortion.uasset"
[2015.12.19-13.43.06:208][  0]LogPackFactory: Copied "../../../Samples/StarterContent/Content/StarterContent/Particles/Materials/M_Radial_Gradient.uasset" to "../../../../../../Users/Thewo/Documents/GitHub/UE_MULTI_USERS/ProjectMultiUsers/Content/StarterContent/Particles/Materials/M_Radial_Gradient.uasset"
[2015.12.19-13.43.06:212][  0]LogPackFactory: Copied "../../../Samples/StarterContent/Content/StarterContent/Particles/Materials/M_radial_ramp.uasset" to "../../../../../../Users/Thewo/Documents/GitHub/UE_MULTI_USERS/ProjectMultiUsers/Content/StarterContent/Particles/Materials/M_radial_ramp.uasset"
[2015.12.19-13.43.06:214][  0]LogPackFactory: Copied "../../../Samples/StarterContent/Content/StarterContent/Particles/Materials/M_smoke_subUV.uasset" to "../../../../../../Users/Thewo/Documents/GitHub/UE_MULTI_USERS/ProjectMultiUsers/Content/StarterContent/Particles/Materials/M_smoke_subUV.uasset"
[2015.12.19-13.43.06:216][  0]LogPackFactory: Copied "../../../Samples/StarterContent/Content/StarterContent/Particles/Materials/M_Spark.uasset" to "../../../../../../Users/Thewo/Documents/GitHub/UE_MULTI_USERS/ProjectMultiUsers/Content/StarterContent/Particles/Materials/M_Spark.uasset"
[2015.12.19-13.43.06:248][  0]LogPackFactory: Copied "../../../Samples/StarterContent/Content/StarterContent/Props/MaterialSphere.uasset" to "../../../../../../Users/Thewo/Documents/GitHub/UE_MULTI_USERS/ProjectMultiUsers/Content/StarterContent/Props/MaterialSphere.uasset"
[2015.12.19-13.43.06:251][  0]LogPackFactory: Copied "../../../Samples/StarterContent/Content/StarterContent/Props/SM_Bush.uasset" to "../../../../../../Users/Thewo/Documents/GitHub/UE_MULTI_USERS/ProjectMultiUsers/Content/StarterContent/Props/SM_Bush.uasset"
[2015.12.19-13.43.06:263][  0]LogPackFactory: Copied "../../../Samples/StarterContent/Content/StarterContent/Props/SM_Chair.uasset" to "../../../../../../Users/Thewo/Documents/GitHub/UE_MULTI_USERS/ProjectMultiUsers/Content/StarterContent/Props/SM_Chair.uasset"
[2015.12.19-13.43.06:266][  0]LogPackFactory: Copied "../../../Samples/StarterContent/Content/StarterContent/Props/SM_CornerFrame.uasset" to "../../../../../../Users/Thewo/Documents/GitHub/UE_MULTI_USERS/ProjectMultiUsers/Content/StarterContent/Props/SM_CornerFrame.uasset"
[2015.12.19-13.43.06:270][  0]LogPackFactory: Copied "../../../Samples/StarterContent/Content/StarterContent/Props/SM_Couch.uasset" to "../../../../../../Users/Thewo/Documents/GitHub/UE_MULTI_USERS/ProjectMultiUsers/Content/StarterContent/Props/SM_Couch.uasset"
[2015.12.19-13.43.06:274][  0]LogPackFactory: Copied "../../../Samples/StarterContent/Content/StarterContent/Props/SM_Door.uasset" to "../../../../../../Users/Thewo/Documents/GitHub/UE_MULTI_USERS/ProjectMultiUsers/Content/StarterContent/Props/SM_Door.uasset"
[2015.12.19-13.43.06:276][  0]LogPackFactory: Copied "../../../Samples/StarterContent/Content/StarterContent/Props/SM_DoorFrame.uasset" to "../../../../../../Users/Thewo/Documents/GitHub/UE_MULTI_USERS/ProjectMultiUsers/Content/StarterContent/Props/SM_DoorFrame.uasset"
[2015.12.19-13.43.06:280][  0]LogPackFactory: Copied "../../../Samples/StarterContent/Content/StarterContent/Props/SM_GlassWindow.uasset" to "../../../../../../Users/Thewo/Documents/GitHub/UE_MULTI_USERS/ProjectMultiUsers/Content/StarterContent/Props/SM_GlassWindow.uasset"
[2015.12.19-13.43.06:284][  0]LogPackFactory: Copied "../../../Samples/StarterContent/Content/StarterContent/Props/SM_Lamp_Ceiling.uasset" to "../../../../../../Users/Thewo/Documents/GitHub/UE_MULTI_USERS/ProjectMultiUsers/Content/StarterContent/Props/SM_Lamp_Ceiling.uasset"
[2015.12.19-13.43.06:287][  0]LogPackFactory: Copied "../../../Samples/StarterContent/Content/StarterContent/Props/SM_Lamp_Wall.uasset" to "../../../../../../Users/Thewo/Documents/GitHub/UE_MULTI_USERS/ProjectMultiUsers/Content/StarterContent/Props/SM_Lamp_Wall.uasset"
[2015.12.19-13.43.06:328][  0]LogPackFactory: Copied "../../../Samples/StarterContent/Content/StarterContent/Props/SM_MatPreviewMesh_02.uasset" to "../../../../../../Users/Thewo/Documents/GitHub/UE_MULTI_USERS/ProjectMultiUsers/Content/StarterContent/Props/SM_MatPreviewMesh_02.uasset"
[2015.12.19-13.43.06:367][  0]LogPackFactory: Copied "../../../Samples/StarterContent/Content/StarterContent/Props/SM_PillarFrame.uasset" to "../../../../../../Users/Thewo/Documents/GitHub/UE_MULTI_USERS/ProjectMultiUsers/Content/StarterContent/Props/SM_PillarFrame.uasset"
[2015.12.19-13.43.06:370][  0]LogPackFactory: Copied "../../../Samples/StarterContent/Content/StarterContent/Props/SM_PillarFrame300.uasset" to "../../../../../../Users/Thewo/Documents/GitHub/UE_MULTI_USERS/ProjectMultiUsers/Content/StarterContent/Props/SM_PillarFrame300.uasset"
[2015.12.19-13.43.06:374][  0]LogPackFactory: Copied "../../../Samples/StarterContent/Content/StarterContent/Props/SM_Rock.uasset" to "../../../../../../Users/Thewo/Documents/GitHub/UE_MULTI_USERS/ProjectMultiUsers/Content/StarterContent/Props/SM_Rock.uasset"
[2015.12.19-13.43.06:398][  0]LogPackFactory: Copied "../../../Samples/StarterContent/Content/StarterContent/Props/SM_Shelf.uasset" to "../../../../../../Users/Thewo/Documents/GitHub/UE_MULTI_USERS/ProjectMultiUsers/Content/StarterContent/Props/SM_Shelf.uasset"
[2015.12.19-13.43.06:401][  0]LogPackFactory: Copied "../../../Samples/StarterContent/Content/StarterContent/Props/SM_Stairs.uasset" to "../../../../../../Users/Thewo/Documents/GitHub/UE_MULTI_USERS/ProjectMultiUsers/Content/StarterContent/Props/SM_Stairs.uasset"
[2015.12.19-13.43.06:405][  0]LogPackFactory: Copied "../../../Samples/StarterContent/Content/StarterContent/Props/SM_Statue.uasset" to "../../../../../../Users/Thewo/Documents/GitHub/UE_MULTI_USERS/ProjectMultiUsers/Content/StarterContent/Props/SM_Statue.uasset"
[2015.12.19-13.43.06:425][  0]LogPackFactory: Copied "../../../Samples/StarterContent/Content/StarterContent/Props/SM_TableRound.uasset" to "../../../../../../Users/Thewo/Documents/GitHub/UE_MULTI_USERS/ProjectMultiUsers/Content/StarterContent/Props/SM_TableRound.uasset"
[2015.12.19-13.43.06:443][  0]LogPackFactory: Copied "../../../Samples/StarterContent/Content/StarterContent/Props/SM_WindowFrame.uasset" to "../../../../../../Users/Thewo/Documents/GitHub/UE_MULTI_USERS/ProjectMultiUsers/Content/StarterContent/Props/SM_WindowFrame.uasset"
[2015.12.19-13.43.06:459][  0]LogPackFactory: Copied "../../../Samples/StarterContent/Content/StarterContent/Props/Materials/M_Bush.uasset" to "../../../../../../Users/Thewo/Documents/GitHub/UE_MULTI_USERS/ProjectMultiUsers/Content/StarterContent/Props/Materials/M_Bush.uasset"
[2015.12.19-13.43.06:462][  0]LogPackFactory: Copied "../../../Samples/StarterContent/Content/StarterContent/Props/Materials/M_Chair.uasset" to "../../../../../../Users/Thewo/Documents/GitHub/UE_MULTI_USERS/ProjectMultiUsers/Content/StarterContent/Props/Materials/M_Chair.uasset"
[2015.12.19-13.43.06:467][  0]LogPackFactory: Copied "../../../Samples/StarterContent/Content/StarterContent/Props/Materials/M_Door.uasset" to "../../../../../../Users/Thewo/Documents/GitHub/UE_MULTI_USERS/ProjectMultiUsers/Content/StarterContent/Props/Materials/M_Door.uasset"
[2015.12.19-13.43.06:471][  0]LogPackFactory: Copied "../../../Samples/StarterContent/Content/StarterContent/Props/Materials/M_Frame.uasset" to "../../../../../../Users/Thewo/Documents/GitHub/UE_MULTI_USERS/ProjectMultiUsers/Content/StarterContent/Props/Materials/M_Frame.uasset"
[2015.12.19-13.43.06:475][  0]LogPackFactory: Copied "../../../Samples/StarterContent/Content/StarterContent/Props/Materials/M_Lamp.uasset" to "../../../../../../Users/Thewo/Documents/GitHub/UE_MULTI_USERS/ProjectMultiUsers/Content/StarterContent/Props/Materials/M_Lamp.uasset"
[2015.12.19-13.43.06:479][  0]LogPackFactory: Copied "../../../Samples/StarterContent/Content/StarterContent/Props/Materials/M_MaterialSphere.uasset" to "../../../../../../Users/Thewo/Documents/GitHub/UE_MULTI_USERS/ProjectMultiUsers/Content/StarterContent/Props/Materials/M_MaterialSphere.uasset"
[2015.12.19-13.43.06:555][  0]LogPackFactory: Copied "../../../Samples/StarterContent/Content/StarterContent/Props/Materials/M_MaterialSphere_Plain.uasset" to "../../../../../../Users/Thewo/Documents/GitHub/UE_MULTI_USERS/ProjectMultiUsers/Content/StarterContent/Props/Materials/M_MaterialSphere_Plain.uasset"
[2015.12.19-13.43.06:560][  0]LogPackFactory: Copied "../../../Samples/StarterContent/Content/StarterContent/Props/Materials/M_Rock.uasset" to "../../../../../../Users/Thewo/Documents/GitHub/UE_MULTI_USERS/ProjectMultiUsers/Content/StarterContent/Props/Materials/M_Rock.uasset"
[2015.12.19-13.43.06:563][  0]LogPackFactory: Copied "../../../Samples/StarterContent/Content/StarterContent/Props/Materials/M_Shelf.uasset" to "../../../../../../Users/Thewo/Documents/GitHub/UE_MULTI_USERS/ProjectMultiUsers/Content/StarterContent/Props/Materials/M_Shelf.uasset"
[2015.12.19-13.43.06:575][  0]LogPackFactory: Copied "../../../Samples/StarterContent/Content/StarterContent/Props/Materials/M_Statue.uasset" to "../../../../../../Users/Thewo/Documents/GitHub/UE_MULTI_USERS/ProjectMultiUsers/Content/StarterContent/Props/Materials/M_Statue.uasset"
[2015.12.19-13.43.06:578][  0]LogPackFactory: Copied "../../../Samples/StarterContent/Content/StarterContent/Props/Materials/M_StatueGlass.uasset" to "../../../../../../Users/Thewo/Documents/GitHub/UE_MULTI_USERS/ProjectMultiUsers/Content/StarterContent/Props/Materials/M_StatueGlass.uasset"
[2015.12.19-13.43.06:582][  0]LogPackFactory: Copied "../../../Samples/StarterContent/Content/StarterContent/Props/Materials/M_TableRound.uasset" to "../../../../../../Users/Thewo/Documents/GitHub/UE_MULTI_USERS/ProjectMultiUsers/Content/StarterContent/Props/Materials/M_TableRound.uasset"
[2015.12.19-13.43.06:585][  0]LogPackFactory: Copied "../../../Samples/StarterContent/Content/StarterContent/Shapes/Shape_Cone.uasset" to "../../../../../../Users/Thewo/Documents/GitHub/UE_MULTI_USERS/ProjectMultiUsers/Content/StarterContent/Shapes/Shape_Cone.uasset"
[2015.12.19-13.43.06:588][  0]LogPackFactory: Copied "../../../Samples/StarterContent/Content/StarterContent/Shapes/Shape_Cube.uasset" to "../../../../../../Users/Thewo/Documents/GitHub/UE_MULTI_USERS/ProjectMultiUsers/Content/StarterContent/Shapes/Shape_Cube.uasset"
[2015.12.19-13.43.06:592][  0]LogPackFactory: Copied "../../../Samples/StarterContent/Content/StarterContent/Shapes/Shape_Cylinder.uasset" to "../../../../../../Users/Thewo/Documents/GitHub/UE_MULTI_USERS/ProjectMultiUsers/Content/StarterContent/Shapes/Shape_Cylinder.uasset"
[2015.12.19-13.43.06:644][  0]LogPackFactory: Copied "../../../Samples/StarterContent/Content/StarterContent/Shapes/Shape_NarrowCapsule.uasset" to "../../../../../../Users/Thewo/Documents/GitHub/UE_MULTI_USERS/ProjectMultiUsers/Content/StarterContent/Shapes/Shape_NarrowCapsule.uasset"
[2015.12.19-13.43.06:646][  0]LogPackFactory: Copied "../../../Samples/StarterContent/Content/StarterContent/Shapes/Shape_Pipe.uasset" to "../../../../../../Users/Thewo/Documents/GitHub/UE_MULTI_USERS/ProjectMultiUsers/Content/StarterContent/Shapes/Shape_Pipe.uasset"
[2015.12.19-13.43.06:649][  0]LogPackFactory: Copied "../../../Samples/StarterContent/Content/StarterContent/Shapes/Shape_Pipe_180.uasset" to "../../../../../../Users/Thewo/Documents/GitHub/UE_MULTI_USERS/ProjectMultiUsers/Content/StarterContent/Shapes/Shape_Pipe_180.uasset"
[2015.12.19-13.43.06:669][  0]LogPackFactory: Copied "../../../Samples/StarterContent/Content/StarterContent/Shapes/Shape_Pipe_90.uasset" to "../../../../../../Users/Thewo/Documents/GitHub/UE_MULTI_USERS/ProjectMultiUsers/Content/StarterContent/Shapes/Shape_Pipe_90.uasset"
[2015.12.19-13.43.06:671][  0]LogPackFactory: Copied "../../../Samples/StarterContent/Content/StarterContent/Shapes/Shape_Plane.uasset" to "../../../../../../Users/Thewo/Documents/GitHub/UE_MULTI_USERS/ProjectMultiUsers/Content/StarterContent/Shapes/Shape_Plane.uasset"
[2015.12.19-13.43.06:673][  0]LogPackFactory: Copied "../../../Samples/StarterContent/Content/StarterContent/Shapes/Shape_QuadPyramid.uasset" to "../../../../../../Users/Thewo/Documents/GitHub/UE_MULTI_USERS/ProjectMultiUsers/Content/StarterContent/Shapes/Shape_QuadPyramid.uasset"
[2015.12.19-13.43.06:677][  0]LogPackFactory: Copied "../../../Samples/StarterContent/Content/StarterContent/Shapes/Shape_Sphere.uasset" to "../../../../../../Users/Thewo/Documents/GitHub/UE_MULTI_USERS/ProjectMultiUsers/Content/StarterContent/Shapes/Shape_Sphere.uasset"
[2015.12.19-13.43.06:683][  0]LogPackFactory: Copied "../../../Samples/StarterContent/Content/StarterContent/Shapes/Shape_Torus.uasset" to "../../../../../../Users/Thewo/Documents/GitHub/UE_MULTI_USERS/ProjectMultiUsers/Content/StarterContent/Shapes/Shape_Torus.uasset"
[2015.12.19-13.43.06:704][  0]LogPackFactory: Copied "../../../Samples/StarterContent/Content/StarterContent/Shapes/Shape_Trim.uasset" to "../../../../../../Users/Thewo/Documents/GitHub/UE_MULTI_USERS/ProjectMultiUsers/Content/StarterContent/Shapes/Shape_Trim.uasset"
[2015.12.19-13.43.06:707][  0]LogPackFactory: Copied "../../../Samples/StarterContent/Content/StarterContent/Shapes/Shape_Trim_90_In.uasset" to "../../../../../../Users/Thewo/Documents/GitHub/UE_MULTI_USERS/ProjectMultiUsers/Content/StarterContent/Shapes/Shape_Trim_90_In.uasset"
[2015.12.19-13.43.06:709][  0]LogPackFactory: Copied "../../../Samples/StarterContent/Content/StarterContent/Shapes/Shape_Trim_90_Out.uasset" to "../../../../../../Users/Thewo/Documents/GitHub/UE_MULTI_USERS/ProjectMultiUsers/Content/StarterContent/Shapes/Shape_Trim_90_Out.uasset"
[2015.12.19-13.43.06:726][  0]LogPackFactory: Copied "../../../Samples/StarterContent/Content/StarterContent/Shapes/Shape_TriPyramid.uasset" to "../../../../../../Users/Thewo/Documents/GitHub/UE_MULTI_USERS/ProjectMultiUsers/Content/StarterContent/Shapes/Shape_TriPyramid.uasset"
[2015.12.19-13.43.06:729][  0]LogPackFactory: Copied "../../../Samples/StarterContent/Content/StarterContent/Shapes/Shape_Tube.uasset" to "../../../../../../Users/Thewo/Documents/GitHub/UE_MULTI_USERS/ProjectMultiUsers/Content/StarterContent/Shapes/Shape_Tube.uasset"
[2015.12.19-13.43.06:732][  0]LogPackFactory: Copied "../../../Samples/StarterContent/Content/StarterContent/Shapes/Shape_Wedge_A.uasset" to "../../../../../../Users/Thewo/Documents/GitHub/UE_MULTI_USERS/ProjectMultiUsers/Content/StarterContent/Shapes/Shape_Wedge_A.uasset"
[2015.12.19-13.43.06:734][  0]LogPackFactory: Copied "../../../Samples/StarterContent/Content/StarterContent/Shapes/Shape_Wedge_B.uasset" to "../../../../../../Users/Thewo/Documents/GitHub/UE_MULTI_USERS/ProjectMultiUsers/Content/StarterContent/Shapes/Shape_Wedge_B.uasset"
[2015.12.19-13.43.06:748][  0]LogPackFactory: Copied "../../../Samples/StarterContent/Content/StarterContent/Shapes/Shape_WideCapsule.uasset" to "../../../../../../Users/Thewo/Documents/GitHub/UE_MULTI_USERS/ProjectMultiUsers/Content/StarterContent/Shapes/Shape_WideCapsule.uasset"
[2015.12.19-13.43.06:852][  0]LogPackFactory: Copied "../../../Samples/StarterContent/Content/StarterContent/Textures/T_Brick_Clay_Beveled_D.uasset" to "../../../../../../Users/Thewo/Documents/GitHub/UE_MULTI_USERS/ProjectMultiUsers/Content/StarterContent/Textures/T_Brick_Clay_Beveled_D.uasset"
[2015.12.19-13.43.06:970][  0]LogPackFactory: Copied "../../../Samples/StarterContent/Content/StarterContent/Textures/T_Brick_Clay_Beveled_M.uasset" to "../../../../../../Users/Thewo/Documents/GitHub/UE_MULTI_USERS/ProjectMultiUsers/Content/StarterContent/Textures/T_Brick_Clay_Beveled_M.uasset"
[2015.12.19-13.43.07:098][  0]LogPackFactory: Copied "../../../Samples/StarterContent/Content/StarterContent/Textures/T_Brick_Clay_Beveled_N.uasset" to "../../../../../../Users/Thewo/Documents/GitHub/UE_MULTI_USERS/ProjectMultiUsers/Content/StarterContent/Textures/T_Brick_Clay_Beveled_N.uasset"
[2015.12.19-13.43.07:223][  0]LogPackFactory: Copied "../../../Samples/StarterContent/Content/StarterContent/Textures/T_Brick_Clay_New_D.uasset" to "../../../../../../Users/Thewo/Documents/GitHub/UE_MULTI_USERS/ProjectMultiUsers/Content/StarterContent/Textures/T_Brick_Clay_New_D.uasset"
[2015.12.19-13.43.07:327][  0]LogPackFactory: Copied "../../../Samples/StarterContent/Content/StarterContent/Textures/T_Brick_Clay_New_M.uasset" to "../../../../../../Users/Thewo/Documents/GitHub/UE_MULTI_USERS/ProjectMultiUsers/Content/StarterContent/Textures/T_Brick_Clay_New_M.uasset"
[2015.12.19-13.43.07:415][  0]LogPackFactory: Copied "../../../Samples/StarterContent/Content/StarterContent/Textures/T_Brick_Clay_New_N.uasset" to "../../../../../../Users/Thewo/Documents/GitHub/UE_MULTI_USERS/ProjectMultiUsers/Content/StarterContent/Textures/T_Brick_Clay_New_N.uasset"
[2015.12.19-13.43.07:553][  0]LogPackFactory: Copied "../../../Samples/StarterContent/Content/StarterContent/Textures/T_Brick_Clay_Old_D.uasset" to "../../../../../../Users/Thewo/Documents/GitHub/UE_MULTI_USERS/ProjectMultiUsers/Content/StarterContent/Textures/T_Brick_Clay_Old_D.uasset"
[2015.12.19-13.43.07:638][  0]LogPackFactory: Copied "../../../Samples/StarterContent/Content/StarterContent/Textures/T_Brick_Clay_Old_N.uasset" to "../../../../../../Users/Thewo/Documents/GitHub/UE_MULTI_USERS/ProjectMultiUsers/Content/StarterContent/Textures/T_Brick_Clay_Old_N.uasset"
[2015.12.19-13.43.07:747][  0]LogPackFactory: Copied "../../../Samples/StarterContent/Content/StarterContent/Textures/T_Brick_Cut_Stone_D.uasset" to "../../../../../../Users/Thewo/Documents/GitHub/UE_MULTI_USERS/ProjectMultiUsers/Content/StarterContent/Textures/T_Brick_Cut_Stone_D.uasset"
[2015.12.19-13.43.07:803][  0]LogPackFactory: Copied "../../../Samples/StarterContent/Content/StarterContent/Textures/T_Brick_Cut_Stone_N.uasset" to "../../../../../../Users/Thewo/Documents/GitHub/UE_MULTI_USERS/ProjectMultiUsers/Content/StarterContent/Textures/T_Brick_Cut_Stone_N.uasset"
[2015.12.19-13.43.09:874][  0]LogPackFactory: Copied "../../../Samples/StarterContent/Content/StarterContent/Textures/T_Brick_Hewn_Stone_D.uasset" to "../../../../../../Users/Thewo/Documents/GitHub/UE_MULTI_USERS/ProjectMultiUsers/Content/StarterContent/Textures/T_Brick_Hewn_Stone_D.uasset"
[2015.12.19-13.43.11:737][  0]LogPackFactory: Copied "../../../Samples/StarterContent/Content/StarterContent/Textures/T_Brick_Hewn_Stone_M.uasset" to "../../../../../../Users/Thewo/Documents/GitHub/UE_MULTI_USERS/ProjectMultiUsers/Content/StarterContent/Textures/T_Brick_Hewn_Stone_M.uasset"
[2015.12.19-13.43.14:823][  0]LogPackFactory: Copied "../../../Samples/StarterContent/Content/StarterContent/Textures/T_Brick_Hewn_Stone_N.uasset" to "../../../../../../Users/Thewo/Documents/GitHub/UE_MULTI_USERS/ProjectMultiUsers/Content/StarterContent/Textures/T_Brick_Hewn_Stone_N.uasset"
[2015.12.19-13.43.14:935][  0]LogPackFactory: Copied "../../../Samples/StarterContent/Content/StarterContent/Textures/T_Burst_M.uasset" to "../../../../../../Users/Thewo/Documents/GitHub/UE_MULTI_USERS/ProjectMultiUsers/Content/StarterContent/Textures/T_Burst_M.uasset"
[2015.12.19-13.43.15:083][  0]LogPackFactory: Copied "../../../Samples/StarterContent/Content/StarterContent/Textures/T_Bush_D.uasset" to "../../../../../../Users/Thewo/Documents/GitHub/UE_MULTI_USERS/ProjectMultiUsers/Content/StarterContent/Textures/T_Bush_D.uasset"
[2015.12.19-13.43.15:293][  0]LogPackFactory: Copied "../../../Samples/StarterContent/Content/StarterContent/Textures/T_Bush_N.uasset" to "../../../../../../Users/Thewo/Documents/GitHub/UE_MULTI_USERS/ProjectMultiUsers/Content/StarterContent/Textures/T_Bush_N.uasset"
[2015.12.19-13.43.15:411][  0]LogPackFactory: Copied "../../../Samples/StarterContent/Content/StarterContent/Textures/T_Ceramic_Tile_M.uasset" to "../../../../../../Users/Thewo/Documents/GitHub/UE_MULTI_USERS/ProjectMultiUsers/Content/StarterContent/Textures/T_Ceramic_Tile_M.uasset"
[2015.12.19-13.43.15:457][  0]LogPackFactory: Copied "../../../Samples/StarterContent/Content/StarterContent/Textures/T_Ceramic_Tile_N.uasset" to "../../../../../../Users/Thewo/Documents/GitHub/UE_MULTI_USERS/ProjectMultiUsers/Content/StarterContent/Textures/T_Ceramic_Tile_N.uasset"
[2015.12.19-13.43.15:643][  0]LogPackFactory: Copied "../../../Samples/StarterContent/Content/StarterContent/Textures/T_Chair_M.uasset" to "../../../../../../Users/Thewo/Documents/GitHub/UE_MULTI_USERS/ProjectMultiUsers/Content/StarterContent/Textures/T_Chair_M.uasset"
[2015.12.19-13.43.16:061][  0]LogPackFactory: Copied "../../../Samples/StarterContent/Content/StarterContent/Textures/T_Chair_N.uasset" to "../../../../../../Users/Thewo/Documents/GitHub/UE_MULTI_USERS/ProjectMultiUsers/Content/StarterContent/Textures/T_Chair_N.uasset"
[2015.12.19-13.43.16:477][  0]LogPackFactory: Copied "../../../Samples/StarterContent/Content/StarterContent/Textures/T_Checker_Noise_M.uasset" to "../../../../../../Users/Thewo/Documents/GitHub/UE_MULTI_USERS/ProjectMultiUsers/Content/StarterContent/Textures/T_Checker_Noise_M.uasset"
[2015.12.19-13.43.16:832][  0]LogPackFactory: Copied "../../../Samples/StarterContent/Content/StarterContent/Textures/T_CobbleStone_Pebble_D.uasset" to "../../../../../../Users/Thewo/Documents/GitHub/UE_MULTI_USERS/ProjectMultiUsers/Content/StarterContent/Textures/T_CobbleStone_Pebble_D.uasset"
[2015.12.19-13.43.16:862][  0]LogPackFactory: Copied "../../../Samples/StarterContent/Content/StarterContent/Textures/T_CobbleStone_Pebble_M.uasset" to "../../../../../../Users/Thewo/Documents/GitHub/UE_MULTI_USERS/ProjectMultiUsers/Content/StarterContent/Textures/T_CobbleStone_Pebble_M.uasset"
[2015.12.19-13.43.17:256][  0]LogPackFactory: Copied "../../../Samples/StarterContent/Content/StarterContent/Textures/T_CobbleStone_Pebble_N.uasset" to "../../../../../../Users/Thewo/Documents/GitHub/UE_MULTI_USERS/ProjectMultiUsers/Content/StarterContent/Textures/T_CobbleStone_Pebble_N.uasset"
[2015.12.19-13.43.17:344][  0]LogPackFactory: Copied "../../../Samples/StarterContent/Content/StarterContent/Textures/T_CobbleStone_Rough_D.uasset" to "../../../../../../Users/Thewo/Documents/GitHub/UE_MULTI_USERS/ProjectMultiUsers/Content/StarterContent/Textures/T_CobbleStone_Rough_D.uasset"
[2015.12.19-13.43.17:780][  0]LogPackFactory: Copied "../../../Samples/StarterContent/Content/StarterContent/Textures/T_CobbleStone_Rough_N.uasset" to "../../../../../../Users/Thewo/Documents/GitHub/UE_MULTI_USERS/ProjectMultiUsers/Content/StarterContent/Textures/T_CobbleStone_Rough_N.uasset"
[2015.12.19-13.43.17:976][  0]LogPackFactory: Copied "../../../Samples/StarterContent/Content/StarterContent/Textures/T_CobbleStone_Smooth_D.uasset" to "../../../../../../Users/Thewo/Documents/GitHub/UE_MULTI_USERS/ProjectMultiUsers/Content/StarterContent/Textures/T_CobbleStone_Smooth_D.uasset"
[2015.12.19-13.43.18:066][  0]LogPackFactory: Copied "../../../Samples/StarterContent/Content/StarterContent/Textures/T_CobbleStone_Smooth_M.uasset" to "../../../../../../Users/Thewo/Documents/GitHub/UE_MULTI_USERS/ProjectMultiUsers/Content/StarterContent/Textures/T_CobbleStone_Smooth_M.uasset"
[2015.12.19-13.43.18:136][  0]LogPackFactory: Copied "../../../Samples/StarterContent/Content/StarterContent/Textures/T_CobbleStone_Smooth_N.uasset" to "../../../../../../Users/Thewo/Documents/GitHub/UE_MULTI_USERS/ProjectMultiUsers/Content/StarterContent/Textures/T_CobbleStone_Smooth_N.uasset"
[2015.12.19-13.43.18:275][  0]LogPackFactory: Copied "../../../Samples/StarterContent/Content/StarterContent/Textures/T_Concrete_Grime_D.uasset" to "../../../../../../Users/Thewo/Documents/GitHub/UE_MULTI_USERS/ProjectMultiUsers/Content/StarterContent/Textures/T_Concrete_Grime_D.uasset"
[2015.12.19-13.43.18:361][  0]LogPackFactory: Copied "../../../Samples/StarterContent/Content/StarterContent/Textures/T_Concrete_Panels_D.uasset" to "../../../../../../Users/Thewo/Documents/GitHub/UE_MULTI_USERS/ProjectMultiUsers/Content/StarterContent/Textures/T_Concrete_Panels_D.uasset"
[2015.12.19-13.43.18:439][  0]LogPackFactory: Copied "../../../Samples/StarterContent/Content/StarterContent/Textures/T_Concrete_Panels_N.uasset" to "../../../../../../Users/Thewo/Documents/GitHub/UE_MULTI_USERS/ProjectMultiUsers/Content/StarterContent/Textures/T_Concrete_Panels_N.uasset"
[2015.12.19-13.43.18:572][  0]LogPackFactory: Copied "../../../Samples/StarterContent/Content/StarterContent/Textures/T_Concrete_Poured_D.uasset" to "../../../../../../Users/Thewo/Documents/GitHub/UE_MULTI_USERS/ProjectMultiUsers/Content/StarterContent/Textures/T_Concrete_Poured_D.uasset"
[2015.12.19-13.43.18:655][  0]LogPackFactory: Copied "../../../Samples/StarterContent/Content/StarterContent/Textures/T_Concrete_Poured_N.uasset" to "../../../../../../Users/Thewo/Documents/GitHub/UE_MULTI_USERS/ProjectMultiUsers/Content/StarterContent/Textures/T_Concrete_Poured_N.uasset"
[2015.12.19-13.43.19:197][  0]LogPackFactory: Copied "../../../Samples/StarterContent/Content/StarterContent/Textures/T_Concrete_Tiles_D.uasset" to "../../../../../../Users/Thewo/Documents/GitHub/UE_MULTI_USERS/ProjectMultiUsers/Content/StarterContent/Textures/T_Concrete_Tiles_D.uasset"
[2015.12.19-13.43.19:564][  0]LogPackFactory: Copied "../../../Samples/StarterContent/Content/StarterContent/Textures/T_Concrete_Tiles_M.uasset" to "../../../../../../Users/Thewo/Documents/GitHub/UE_MULTI_USERS/ProjectMultiUsers/Content/StarterContent/Textures/T_Concrete_Tiles_M.uasset"
[2015.12.19-13.43.19:620][  0]LogPackFactory: Copied "../../../Samples/StarterContent/Content/StarterContent/Textures/T_Concrete_Tiles_N.uasset" to "../../../../../../Users/Thewo/Documents/GitHub/UE_MULTI_USERS/ProjectMultiUsers/Content/StarterContent/Textures/T_Concrete_Tiles_N.uasset"
[2015.12.19-13.43.19:651][  0]LogPackFactory: Copied "../../../Samples/StarterContent/Content/StarterContent/Textures/T_Concrete_Tiles_Variation_M.uasset" to "../../../../../../Users/Thewo/Documents/GitHub/UE_MULTI_USERS/ProjectMultiUsers/Content/StarterContent/Textures/T_Concrete_Tiles_Variation_M.uasset"
[2015.12.19-13.43.19:717][  0]LogPackFactory: Copied "../../../Samples/StarterContent/Content/StarterContent/Textures/T_Detail_Rocky_N.uasset" to "../../../../../../Users/Thewo/Documents/GitHub/UE_MULTI_USERS/ProjectMultiUsers/Content/StarterContent/Textures/T_Detail_Rocky_N.uasset"
[2015.12.19-13.43.19:730][  0]LogPackFactory: Copied "../../../Samples/StarterContent/Content/StarterContent/Textures/T_Door_M.uasset" to "../../../../../../Users/Thewo/Documents/GitHub/UE_MULTI_USERS/ProjectMultiUsers/Content/StarterContent/Textures/T_Door_M.uasset"
[2015.12.19-13.43.19:739][  0]LogPackFactory: Copied "../../../Samples/StarterContent/Content/StarterContent/Textures/T_Door_N.uasset" to "../../../../../../Users/Thewo/Documents/GitHub/UE_MULTI_USERS/ProjectMultiUsers/Content/StarterContent/Textures/T_Door_N.uasset"
[2015.12.19-13.43.19:752][  0]LogPackFactory: Copied "../../../Samples/StarterContent/Content/StarterContent/Textures/T_Dust_Particle_D.uasset" to "../../../../../../Users/Thewo/Documents/GitHub/UE_MULTI_USERS/ProjectMultiUsers/Content/StarterContent/Textures/T_Dust_Particle_D.uasset"
[2015.12.19-13.43.19:781][  0]LogPackFactory: Copied "../../../Samples/StarterContent/Content/StarterContent/Textures/T_Explosion_SubUV.uasset" to "../../../../../../Users/Thewo/Documents/GitHub/UE_MULTI_USERS/ProjectMultiUsers/Content/StarterContent/Textures/T_Explosion_SubUV.uasset"
[2015.12.19-13.43.19:848][  0]LogPackFactory: Copied "../../../Samples/StarterContent/Content/StarterContent/Textures/T_Fire_SubUV.uasset" to "../../../../../../Users/Thewo/Documents/GitHub/UE_MULTI_USERS/ProjectMultiUsers/Content/StarterContent/Textures/T_Fire_SubUV.uasset"
[2015.12.19-13.43.19:906][  0]LogPackFactory: Copied "../../../Samples/StarterContent/Content/StarterContent/Textures/T_Fire_Tiled_D.uasset" to "../../../../../../Users/Thewo/Documents/GitHub/UE_MULTI_USERS/ProjectMultiUsers/Content/StarterContent/Textures/T_Fire_Tiled_D.uasset"
[2015.12.19-13.43.19:917][  0]LogPackFactory: Copied "../../../Samples/StarterContent/Content/StarterContent/Textures/T_Frame_M.uasset" to "../../../../../../Users/Thewo/Documents/GitHub/UE_MULTI_USERS/ProjectMultiUsers/Content/StarterContent/Textures/T_Frame_M.uasset"
[2015.12.19-13.43.19:970][  0]LogPackFactory: Copied "../../../Samples/StarterContent/Content/StarterContent/Textures/T_Frame_N.uasset" to "../../../../../../Users/Thewo/Documents/GitHub/UE_MULTI_USERS/ProjectMultiUsers/Content/StarterContent/Textures/T_Frame_N.uasset"
[2015.12.19-13.43.19:989][  0]LogPackFactory: Copied "../../../Samples/StarterContent/Content/StarterContent/Textures/T_Gradinet_01.uasset" to "../../../../../../Users/Thewo/Documents/GitHub/UE_MULTI_USERS/ProjectMultiUsers/Content/StarterContent/Textures/T_Gradinet_01.uasset"
[2015.12.19-13.43.20:653][  0]LogPackFactory: Copied "../../../Samples/StarterContent/Content/StarterContent/Textures/T_Ground_Grass_D.uasset" to "../../../../../../Users/Thewo/Documents/GitHub/UE_MULTI_USERS/ProjectMultiUsers/Content/StarterContent/Textures/T_Ground_Grass_D.uasset"
[2015.12.19-13.43.21:037][  0]LogPackFactory: Copied "../../../Samples/StarterContent/Content/StarterContent/Textures/T_Ground_Grass_N.uasset" to "../../../../../../Users/Thewo/Documents/GitHub/UE_MULTI_USERS/ProjectMultiUsers/Content/StarterContent/Textures/T_Ground_Grass_N.uasset"
[2015.12.19-13.43.21:185][  0]LogPackFactory: Copied "../../../Samples/StarterContent/Content/StarterContent/Textures/T_Ground_Gravel_D.uasset" to "../../../../../../Users/Thewo/Documents/GitHub/UE_MULTI_USERS/ProjectMultiUsers/Content/StarterContent/Textures/T_Ground_Gravel_D.uasset"
[2015.12.19-13.43.21:349][  0]LogPackFactory: Copied "../../../Samples/StarterContent/Content/StarterContent/Textures/T_Ground_Gravel_N.uasset" to "../../../../../../Users/Thewo/Documents/GitHub/UE_MULTI_USERS/ProjectMultiUsers/Content/StarterContent/Textures/T_Ground_Gravel_N.uasset"
[2015.12.19-13.43.22:418][  0]LogPackFactory: Copied "../../../Samples/StarterContent/Content/StarterContent/Textures/T_ground_Moss_D.uasset" to "../../../../../../Users/Thewo/Documents/GitHub/UE_MULTI_USERS/ProjectMultiUsers/Content/StarterContent/Textures/T_ground_Moss_D.uasset"
[2015.12.19-13.43.22:553][  0]LogPackFactory: Copied "../../../Samples/StarterContent/Content/StarterContent/Textures/T_Ground_Moss_N.uasset" to "../../../../../../Users/Thewo/Documents/GitHub/UE_MULTI_USERS/ProjectMultiUsers/Content/StarterContent/Textures/T_Ground_Moss_N.uasset"
[2015.12.19-13.43.22:614][  0]LogPackFactory: Copied "../../../Samples/StarterContent/Content/StarterContent/Textures/T_Lamp_M.uasset" to "../../../../../../Users/Thewo/Documents/GitHub/UE_MULTI_USERS/ProjectMultiUsers/Content/StarterContent/Textures/T_Lamp_M.uasset"
[2015.12.19-13.43.22:695][  0]LogPackFactory: Copied "../../../Samples/StarterContent/Content/StarterContent/Textures/T_Lamp_N.uasset" to "../../../../../../Users/Thewo/Documents/GitHub/UE_MULTI_USERS/ProjectMultiUsers/Content/StarterContent/Textures/T_Lamp_N.uasset"
[2015.12.19-13.43.23:580][  0]LogPackFactory: Copied "../../../Samples/StarterContent/Content/StarterContent/Textures/T_MacroVariation.uasset" to "../../../../../../Users/Thewo/Documents/GitHub/UE_MULTI_USERS/ProjectMultiUsers/Content/StarterContent/Textures/T_MacroVariation.uasset"
[2015.12.19-13.43.23:734][  0]LogPackFactory: Copied "../../../Samples/StarterContent/Content/StarterContent/Textures/T_Metal_Aluminum_D.uasset" to "../../../../../../Users/Thewo/Documents/GitHub/UE_MULTI_USERS/ProjectMultiUsers/Content/StarterContent/Textures/T_Metal_Aluminum_D.uasset"
[2015.12.19-13.43.23:920][  0]LogPackFactory: Copied "../../../Samples/StarterContent/Content/StarterContent/Textures/T_Metal_Copper_D.uasset" to "../../../../../../Users/Thewo/Documents/GitHub/UE_MULTI_USERS/ProjectMultiUsers/Content/StarterContent/Textures/T_Metal_Copper_D.uasset"
[2015.12.19-13.43.24:163][  0]LogPackFactory: Copied "../../../Samples/StarterContent/Content/StarterContent/Textures/T_Metal_Gold_D.uasset" to "../../../../../../Users/Thewo/Documents/GitHub/UE_MULTI_USERS/ProjectMultiUsers/Content/StarterContent/Textures/T_Metal_Gold_D.uasset"
[2015.12.19-13.43.24:949][  0]LogPackFactory: Copied "../../../Samples/StarterContent/Content/StarterContent/Textures/T_Metal_Gold_N.uasset" to "../../../../../../Users/Thewo/Documents/GitHub/UE_MULTI_USERS/ProjectMultiUsers/Content/StarterContent/Textures/T_Metal_Gold_N.uasset"
[2015.12.19-13.43.25:143][  0]LogPackFactory: Copied "../../../Samples/StarterContent/Content/StarterContent/Textures/T_Metal_Rust_D.uasset" to "../../../../../../Users/Thewo/Documents/GitHub/UE_MULTI_USERS/ProjectMultiUsers/Content/StarterContent/Textures/T_Metal_Rust_D.uasset"
[2015.12.19-13.43.25:250][  0]LogPackFactory: Copied "../../../Samples/StarterContent/Content/StarterContent/Textures/T_Metal_Rust_N.uasset" to "../../../../../../Users/Thewo/Documents/GitHub/UE_MULTI_USERS/ProjectMultiUsers/Content/StarterContent/Textures/T_Metal_Rust_N.uasset"
[2015.12.19-13.43.25:453][  0]LogPackFactory: Copied "../../../Samples/StarterContent/Content/StarterContent/Textures/T_Metal_Steel_D.uasset" to "../../../../../../Users/Thewo/Documents/GitHub/UE_MULTI_USERS/ProjectMultiUsers/Content/StarterContent/Textures/T_Metal_Steel_D.uasset"
[2015.12.19-13.43.26:216][  0]LogPackFactory: Copied "../../../Samples/StarterContent/Content/StarterContent/Textures/T_Metal_Steel_N.uasset" to "../../../../../../Users/Thewo/Documents/GitHub/UE_MULTI_USERS/ProjectMultiUsers/Content/StarterContent/Textures/T_Metal_Steel_N.uasset"
[2015.12.19-13.43.26:299][  0]LogPackFactory: Copied "../../../Samples/StarterContent/Content/StarterContent/Textures/T_Perlin_Noise_M.uasset" to "../../../../../../Users/Thewo/Documents/GitHub/UE_MULTI_USERS/ProjectMultiUsers/Content/StarterContent/Textures/T_Perlin_Noise_M.uasset"
[2015.12.19-13.43.26:384][  0]LogPackFactory: Copied "../../../Samples/StarterContent/Content/StarterContent/Textures/T_RockMesh_M.uasset" to "../../../../../../Users/Thewo/Documents/GitHub/UE_MULTI_USERS/ProjectMultiUsers/Content/StarterContent/Textures/T_RockMesh_M.uasset"
[2015.12.19-13.43.26:462][  0]LogPackFactory: Copied "../../../Samples/StarterContent/Content/StarterContent/Textures/T_RockMesh_N.uasset" to "../../../../../../Users/Thewo/Documents/GitHub/UE_MULTI_USERS/ProjectMultiUsers/Content/StarterContent/Textures/T_RockMesh_N.uasset"
[2015.12.19-13.43.26:646][  0]LogPackFactory: Copied "../../../Samples/StarterContent/Content/StarterContent/Textures/T_Rock_Basalt_D.uasset" to "../../../../../../Users/Thewo/Documents/GitHub/UE_MULTI_USERS/ProjectMultiUsers/Content/StarterContent/Textures/T_Rock_Basalt_D.uasset"
[2015.12.19-13.43.26:732][  0]LogPackFactory: Copied "../../../Samples/StarterContent/Content/StarterContent/Textures/T_Rock_Basalt_N.uasset" to "../../../../../../Users/Thewo/Documents/GitHub/UE_MULTI_USERS/ProjectMultiUsers/Content/StarterContent/Textures/T_Rock_Basalt_N.uasset"
[2015.12.19-13.43.26:897][  0]LogPackFactory: Copied "../../../Samples/StarterContent/Content/StarterContent/Textures/T_Rock_Marble_Polished_D.uasset" to "../../../../../../Users/Thewo/Documents/GitHub/UE_MULTI_USERS/ProjectMultiUsers/Content/StarterContent/Textures/T_Rock_Marble_Polished_D.uasset"
[2015.12.19-13.43.27:671][  0]LogPackFactory: Copied "../../../Samples/StarterContent/Content/StarterContent/Textures/T_Rock_Sandstone_D.uasset" to "../../../../../../Users/Thewo/Documents/GitHub/UE_MULTI_USERS/ProjectMultiUsers/Content/StarterContent/Textures/T_Rock_Sandstone_D.uasset"
[2015.12.19-13.43.27:862][  0]LogPackFactory: Copied "../../../Samples/StarterContent/Content/StarterContent/Textures/T_Rock_Sandstone_N.uasset" to "../../../../../../Users/Thewo/Documents/GitHub/UE_MULTI_USERS/ProjectMultiUsers/Content/StarterContent/Textures/T_Rock_Sandstone_N.uasset"
[2015.12.19-13.43.28:027][  0]LogPackFactory: Copied "../../../Samples/StarterContent/Content/StarterContent/Textures/T_Rock_Slate_D.uasset" to "../../../../../../Users/Thewo/Documents/GitHub/UE_MULTI_USERS/ProjectMultiUsers/Content/StarterContent/Textures/T_Rock_Slate_D.uasset"
[2015.12.19-13.43.28:194][  0]LogPackFactory: Copied "../../../Samples/StarterContent/Content/StarterContent/Textures/T_Rock_Slate_N.uasset" to "../../../../../../Users/Thewo/Documents/GitHub/UE_MULTI_USERS/ProjectMultiUsers/Content/StarterContent/Textures/T_Rock_Slate_N.uasset"
[2015.12.19-13.43.29:432][  0]LogPackFactory: Copied "../../../Samples/StarterContent/Content/StarterContent/Textures/T_Rock_Smooth_Granite_D.uasset" to "../../../../../../Users/Thewo/Documents/GitHub/UE_MULTI_USERS/ProjectMultiUsers/Content/StarterContent/Textures/T_Rock_Smooth_Granite_D.uasset"
[2015.12.19-13.43.29:567][  0]LogPackFactory: Copied "../../../Samples/StarterContent/Content/StarterContent/Textures/T_Shelf_M.uasset" to "../../../../../../Users/Thewo/Documents/GitHub/UE_MULTI_USERS/ProjectMultiUsers/Content/StarterContent/Textures/T_Shelf_M.uasset"
[2015.12.19-13.43.30:348][  0]LogPackFactory: Copied "../../../Samples/StarterContent/Content/StarterContent/Textures/T_Shelf_N.uasset" to "../../../../../../Users/Thewo/Documents/GitHub/UE_MULTI_USERS/ProjectMultiUsers/Content/StarterContent/Textures/T_Shelf_N.uasset"
[2015.12.19-13.43.30:546][  0]LogPackFactory: Copied "../../../Samples/StarterContent/Content/StarterContent/Textures/T_Single_Tile_N.uasset" to "../../../../../../Users/Thewo/Documents/GitHub/UE_MULTI_USERS/ProjectMultiUsers/Content/StarterContent/Textures/T_Single_Tile_N.uasset"
[2015.12.19-13.43.30:669][  0]LogPackFactory: Copied "../../../Samples/StarterContent/Content/StarterContent/Textures/T_Smoke_SubUV.uasset" to "../../../../../../Users/Thewo/Documents/GitHub/UE_MULTI_USERS/ProjectMultiUsers/Content/StarterContent/Textures/T_Smoke_SubUV.uasset"
[2015.12.19-13.43.30:693][  0]LogPackFactory: Copied "../../../Samples/StarterContent/Content/StarterContent/Textures/T_Smoke_Tiled_D.uasset" to "../../../../../../Users/Thewo/Documents/GitHub/UE_MULTI_USERS/ProjectMultiUsers/Content/StarterContent/Textures/T_Smoke_Tiled_D.uasset"
[2015.12.19-13.43.30:713][  0]LogPackFactory: Copied "../../../Samples/StarterContent/Content/StarterContent/Textures/T_Spark_Core.uasset" to "../../../../../../Users/Thewo/Documents/GitHub/UE_MULTI_USERS/ProjectMultiUsers/Content/StarterContent/Textures/T_Spark_Core.uasset"
[2015.12.19-13.43.30:726][  0]LogPackFactory: Copied "../../../Samples/StarterContent/Content/StarterContent/Textures/T_Statue_M.uasset" to "../../../../../../Users/Thewo/Documents/GitHub/UE_MULTI_USERS/ProjectMultiUsers/Content/StarterContent/Textures/T_Statue_M.uasset"
[2015.12.19-13.43.30:731][  0]LogPackFactory: Copied "../../../Samples/StarterContent/Content/StarterContent/Textures/T_Statue_N.uasset" to "../../../../../../Users/Thewo/Documents/GitHub/UE_MULTI_USERS/ProjectMultiUsers/Content/StarterContent/Textures/T_Statue_N.uasset"
[2015.12.19-13.43.30:749][  0]LogPackFactory: Copied "../../../Samples/StarterContent/Content/StarterContent/Textures/T_TableRound_M.uasset" to "../../../../../../Users/Thewo/Documents/GitHub/UE_MULTI_USERS/ProjectMultiUsers/Content/StarterContent/Textures/T_TableRound_M.uasset"
[2015.12.19-13.43.30:780][  0]LogPackFactory: Copied "../../../Samples/StarterContent/Content/StarterContent/Textures/T_TableRound_N.uasset" to "../../../../../../Users/Thewo/Documents/GitHub/UE_MULTI_USERS/ProjectMultiUsers/Content/StarterContent/Textures/T_TableRound_N.uasset"
[2015.12.19-13.43.30:792][  0]LogPackFactory: Copied "../../../Samples/StarterContent/Content/StarterContent/Textures/T_Tech_Dot_M.uasset" to "../../../../../../Users/Thewo/Documents/GitHub/UE_MULTI_USERS/ProjectMultiUsers/Content/StarterContent/Textures/T_Tech_Dot_M.uasset"
[2015.12.19-13.43.30:813][  0]LogPackFactory: Copied "../../../Samples/StarterContent/Content/StarterContent/Textures/T_Tech_Dot_N.uasset" to "../../../../../../Users/Thewo/Documents/GitHub/UE_MULTI_USERS/ProjectMultiUsers/Content/StarterContent/Textures/T_Tech_Dot_N.uasset"
[2015.12.19-13.43.30:839][  0]LogPackFactory: Copied "../../../Samples/StarterContent/Content/StarterContent/Textures/T_Tech_Hex_Tile_M.uasset" to "../../../../../../Users/Thewo/Documents/GitHub/UE_MULTI_USERS/ProjectMultiUsers/Content/StarterContent/Textures/T_Tech_Hex_Tile_M.uasset"
[2015.12.19-13.43.30:849][  0]LogPackFactory: Copied "../../../Samples/StarterContent/Content/StarterContent/Textures/T_Tech_Hex_Tile_N.uasset" to "../../../../../../Users/Thewo/Documents/GitHub/UE_MULTI_USERS/ProjectMultiUsers/Content/StarterContent/Textures/T_Tech_Hex_Tile_N.uasset"
[2015.12.19-13.43.30:915][  0]LogPackFactory: Copied "../../../Samples/StarterContent/Content/StarterContent/Textures/T_Tech_Panel_M.uasset" to "../../../../../../Users/Thewo/Documents/GitHub/UE_MULTI_USERS/ProjectMultiUsers/Content/StarterContent/Textures/T_Tech_Panel_M.uasset"
[2015.12.19-13.43.30:932][  0]LogPackFactory: Copied "../../../Samples/StarterContent/Content/StarterContent/Textures/T_Tech_Panel_N.uasset" to "../../../../../../Users/Thewo/Documents/GitHub/UE_MULTI_USERS/ProjectMultiUsers/Content/StarterContent/Textures/T_Tech_Panel_N.uasset"
[2015.12.19-13.43.30:993][  0]LogPackFactory: Copied "../../../Samples/StarterContent/Content/StarterContent/Textures/T_Water_M.uasset" to "../../../../../../Users/Thewo/Documents/GitHub/UE_MULTI_USERS/ProjectMultiUsers/Content/StarterContent/Textures/T_Water_M.uasset"
[2015.12.19-13.43.31:654][  0]LogPackFactory: Copied "../../../Samples/StarterContent/Content/StarterContent/Textures/T_Water_N.uasset" to "../../../../../../Users/Thewo/Documents/GitHub/UE_MULTI_USERS/ProjectMultiUsers/Content/StarterContent/Textures/T_Water_N.uasset"
[2015.12.19-13.43.32:113][  0]LogPackFactory: Copied "../../../Samples/StarterContent/Content/StarterContent/Textures/T_Wood_Floor_Walnut_D.uasset" to "../../../../../../Users/Thewo/Documents/GitHub/UE_MULTI_USERS/ProjectMultiUsers/Content/StarterContent/Textures/T_Wood_Floor_Walnut_D.uasset"
[2015.12.19-13.43.32:217][  0]LogPackFactory: Copied "../../../Samples/StarterContent/Content/StarterContent/Textures/T_Wood_Floor_Walnut_M.uasset" to "../../../../../../Users/Thewo/Documents/GitHub/UE_MULTI_USERS/ProjectMultiUsers/Content/StarterContent/Textures/T_Wood_Floor_Walnut_M.uasset"
[2015.12.19-13.43.32:233][  0]LogPackFactory: Copied "../../../Samples/StarterContent/Content/StarterContent/Textures/T_Wood_Floor_Walnut_N.uasset" to "../../../../../../Users/Thewo/Documents/GitHub/UE_MULTI_USERS/ProjectMultiUsers/Content/StarterContent/Textures/T_Wood_Floor_Walnut_N.uasset"
[2015.12.19-13.43.32:315][  0]LogPackFactory: Copied "../../../Samples/StarterContent/Content/StarterContent/Textures/T_Wood_Oak_D.uasset" to "../../../../../../Users/Thewo/Documents/GitHub/UE_MULTI_USERS/ProjectMultiUsers/Content/StarterContent/Textures/T_Wood_Oak_D.uasset"
[2015.12.19-13.43.32:979][  0]LogPackFactory: Copied "../../../Samples/StarterContent/Content/StarterContent/Textures/T_Wood_Oak_N.uasset" to "../../../../../../Users/Thewo/Documents/GitHub/UE_MULTI_USERS/ProjectMultiUsers/Content/StarterContent/Textures/T_Wood_Oak_N.uasset"
[2015.12.19-13.43.33:147][  0]LogPackFactory: Copied "../../../Samples/StarterContent/Content/StarterContent/Textures/T_Wood_Pine_D.uasset" to "../../../../../../Users/Thewo/Documents/GitHub/UE_MULTI_USERS/ProjectMultiUsers/Content/StarterContent/Textures/T_Wood_Pine_D.uasset"
[2015.12.19-13.43.33:441][  0]LogPackFactory: Copied "../../../Samples/StarterContent/Content/StarterContent/Textures/T_Wood_Pine_N.uasset" to "../../../../../../Users/Thewo/Documents/GitHub/UE_MULTI_USERS/ProjectMultiUsers/Content/StarterContent/Textures/T_Wood_Pine_N.uasset"
[2015.12.19-13.43.33:630][  0]LogPackFactory: Copied "../../../Samples/StarterContent/Content/StarterContent/Textures/T_Wood_Walnut_D.uasset" to "../../../../../../Users/Thewo/Documents/GitHub/UE_MULTI_USERS/ProjectMultiUsers/Content/StarterContent/Textures/T_Wood_Walnut_D.uasset"
[2015.12.19-13.43.34:429][  0]LogPackFactory: Copied "../../../Samples/StarterContent/Content/StarterContent/Textures/T_Wood_Walnut_N.uasset" to "../../../../../../Users/Thewo/Documents/GitHub/UE_MULTI_USERS/ProjectMultiUsers/Content/StarterContent/Textures/T_Wood_Walnut_N.uasset"
[2015.12.19-13.43.36:992][  0]LogRenderer: Reallocating scene render targets to support 256x256 (Frame:2).
[2015.12.19-13.43.39:187][  0]LogSavePackage: Save=324.071198ms
[2015.12.19-13.43.39:187][  0]LogSavePackage: Moving '../../../../../../Users/Thewo/Documents/GitHub/UE_MULTI_USERS/ProjectMultiUsers/Saved/Floor_400x40090618ABC4DE8CE92CF7B56B78A8F4C4F.tmp' to '../../../../../../Users/Thewo/Documents/GitHub/UE_MULTI_USERS/ProjectMultiUsers/Content/StarterContent/Architecture/Floor_400x400.uasset'
[2015.12.19-13.43.39:192][  0]LogSavePackage: Total save time: 418.995861ms
[2015.12.19-13.43.39:192][  0]LogSavePackage:Display: Finished SavePackage ../../../../../../Users/Thewo/Documents/GitHub/UE_MULTI_USERS/ProjectMultiUsers/Content/StarterContent/Architecture/Floor_400x400.uasset
[2015.12.19-13.43.39:192][  0]LogFeaturePack:Warning: Inserted 1 feature packs
[2015.12.19-13.43.39:194][  0]Cmd: MAP LOAD FILE="../../../../../../Users/Thewo/Documents/GitHub/UE_MULTI_USERS/ProjectMultiUsers/Content/StarterContent/Maps/Minimal_Default.umap" TEMPLATE=0 SHOWPROGRESS=1 FEATURELEVEL=3
[2015.12.19-13.43.39:195][  0]LightingResults: New page: Lighting Build
[2015.12.19-13.43.39:378][  0]MapCheck: New page: Map Check
[2015.12.19-13.43.39:378][  0]LightingResults: New page: Lighting Build
[2015.12.19-13.43.39:430][  0]LogParticles: Destroying 0 GPU particle simulations for FXSystem 0x0000021571FCFB00
[2015.12.19-13.43.41:495][  0]LogAIModule: Creating AISystem for world Minimal_Default
[2015.12.19-13.43.41:833][  0]LogEditorServer: Finished looking for orphan Actors (0.000 secs)
[2015.12.19-13.43.42:232][  0]Cmd: MAP CHECKDEP NOCLEARLOG
[2015.12.19-13.43.42:436][  0]MapCheck: Info Map check complete: 0 Error(s), 0 Warning(s), took 203.919ms to complete.
[2015.12.19-13.43.42:445][  0]LogFileHelpers: Loading map 'Minimal_Default' took 3.251
[2015.12.19-13.43.44:834][  0]LogCollectionManager: Loaded 0 collections in 0.004476 seconds
[2015.12.19-13.43.45:158][  0]LogFileCache: Scanning file cache for directory 'C:/Users/Thewo/Documents/GitHub/UE_MULTI_USERS/ProjectMultiUsers/Saved/Collections/' took 0.01s
[2015.12.19-13.43.45:158][  0]LogFileCache: Scanning file cache for directory 'C:/Users/Thewo/Documents/GitHub/UE_MULTI_USERS/ProjectMultiUsers/Content/Developers/Thewo/Collections/' took 0.01s
[2015.12.19-13.43.45:158][  0]LogFileCache: Scanning file cache for directory 'C:/Users/Thewo/Documents/GitHub/UE_MULTI_USERS/ProjectMultiUsers/Content/Collections/' took 0.01s
[2015.12.19-13.43.45:158][  0]LogCollectionManager: Rebuilt the GUID cache for 0 collections in 0.000002 seconds
[2015.12.19-13.43.45:192][  0]LogContentBrowser: Native class hierarchy populated in 0.0130 seconds. Added 1894 classes and 340 folders.
[2015.1